[7.669s] DEBUG:colcon:Command line arguments: ['/usr/bin/colcon', 'build']
[7.670s] DEBUG:colcon:Parsed command line arguments: Namespace(log_base=None, log_level=None, verb_name='build', build_base='build', install_base='install', merge_install=False, symlink_install=False, test_result_base=None, continue_on_error=False, executor='parallel', parallel_workers=4, event_handlers=None, ignore_user_meta=False, metas=['./colcon.meta'], base_paths=['.'], packages_ignore=None, packages_ignore_regex=None, paths=None, packages_up_to=None, packages_up_to_regex=None, packages_above=None, packages_above_and_dependencies=None, packages_above_depth=None, packages_select_by_dep=None, packages_skip_by_dep=None, packages_skip_up_to=None, packages_select_build_failed=False, packages_skip_build_finished=False, packages_select_test_failures=False, packages_skip_test_passed=False, packages_select=None, packages_skip=None, packages_select_regex=None, packages_skip_regex=None, packages_start=None, packages_end=None, allow_overriding=[], cmake_args=None, cmake_target=None, cmake_target_skip_unavailable=False, cmake_clean_cache=False, cmake_clean_first=False, cmake_force_configure=False, ament_cmake_args=None, catkin_cmake_args=None, catkin_skip_building_tests=False, verb_parser=<colcon_defaults.argument_parser.defaults.DefaultArgumentsDecorator object at 0x7efd9dbba9b0>, verb_extension=<colcon_core.verb.build.BuildVerb object at 0x7efd9dbe6170>, main=<bound method BuildVerb.main of <colcon_core.verb.build.BuildVerb object at 0x7efd9dbe6170>>)
[7.726s] Level 1:colcon.colcon_core.package_discovery:discover_packages(colcon_meta) check parameters
[7.726s] Level 1:colcon.colcon_core.package_discovery:discover_packages(recursive) check parameters
[7.726s] Level 1:colcon.colcon_core.package_discovery:discover_packages(ignore) check parameters
[7.726s] Level 1:colcon.colcon_core.package_discovery:discover_packages(path) check parameters
[7.726s] Level 1:colcon.colcon_core.package_discovery:discover_packages(colcon_meta) discover
[7.726s] Level 1:colcon.colcon_core.package_discovery:discover_packages(recursive) discover
[7.726s] INFO:colcon.colcon_core.package_discovery:Crawling recursively for packages in '/home/keenan/Documents/ME597_students/ros2_ws'
[7.726s] Level 1:colcon.colcon_core.package_identification:_identify(.) by extensions ['ignore', 'ignore_ament_install']
[7.726s] Level 1:colcon.colcon_core.package_identification:_identify(.) by extension 'ignore'
[7.726s] Level 1:colcon.colcon_core.package_identification:_identify(.) by extension 'ignore_ament_install'
[7.726s] Level 1:colcon.colcon_core.package_identification:_identify(.) by extensions ['colcon_pkg']
[7.726s] Level 1:colcon.colcon_core.package_identification:_identify(.) by extension 'colcon_pkg'
[7.727s] Level 1:colcon.colcon_core.package_identification:_identify(.) by extensions ['colcon_meta']
[7.727s] Level 1:colcon.colcon_core.package_identification:_identify(.) by extension 'colcon_meta'
[7.727s] Level 1:colcon.colcon_core.package_identification:_identify(.) by extensions ['ros']
[7.727s] Level 1:colcon.colcon_core.package_identification:_identify(.) by extension 'ros'
[7.738s] Level 1:colcon.colcon_core.package_identification:_identify(.) by extensions ['cmake', 'python']
[7.738s] Level 1:colcon.colcon_core.package_identification:_identify(.) by extension 'cmake'
[7.738s] Level 1:colcon.colcon_core.package_identification:_identify(.) by extension 'python'
[7.738s] Level 1:colcon.colcon_core.package_identification:_identify(.) by extensions ['python_setup_py']
[7.738s] Level 1:colcon.colcon_core.package_identification:_identify(.) by extension 'python_setup_py'
[7.738s] Level 1:colcon.colcon_core.package_identification:_identify(build) by extensions ['ignore', 'ignore_ament_install']
[7.738s] Level 1:colcon.colcon_core.package_identification:_identify(build) by extension 'ignore'
[7.738s] Level 1:colcon.colcon_core.package_identification:_identify(build) ignored
[7.739s] Level 1:colcon.colcon_core.package_identification:_identify(install) by extensions ['ignore', 'ignore_ament_install']
[7.739s] Level 1:colcon.colcon_core.package_identification:_identify(install) by extension 'ignore'
[7.739s] Level 1:colcon.colcon_core.package_identification:_identify(install) ignored
[7.739s] Level 1:colcon.colcon_core.package_identification:_identify(log) by extensions ['ignore', 'ignore_ament_install']
[7.739s] Level 1:colcon.colcon_core.package_identification:_identify(log) by extension 'ignore'
[7.739s] Level 1:colcon.colcon_core.package_identification:_identify(log) ignored
[7.739s] Level 1:colcon.colcon_core.package_identification:_identify(src) by extensions ['ignore', 'ignore_ament_install']
[7.739s] Level 1:colcon.colcon_core.package_identification:_identify(src) by extension 'ignore'
[7.739s] Level 1:colcon.colcon_core.package_identification:_identify(src) by extension 'ignore_ament_install'
[7.739s] Level 1:colcon.colcon_core.package_identification:_identify(src) by extensions ['colcon_pkg']
[7.739s] Level 1:colcon.colcon_core.package_identification:_identify(src) by extension 'colcon_pkg'
[7.739s] Level 1:colcon.colcon_core.package_identification:_identify(src) by extensions ['colcon_meta']
[7.739s] Level 1:colcon.colcon_core.package_identification:_identify(src) by extension 'colcon_meta'
[7.739s] Level 1:colcon.colcon_core.package_identification:_identify(src) by extensions ['ros']
[7.739s] Level 1:colcon.colcon_core.package_identification:_identify(src) by extension 'ros'
[7.740s] Level 1:colcon.colcon_core.package_identification:_identify(src) by extensions ['cmake', 'python']
[7.740s] Level 1:colcon.colcon_core.package_identification:_identify(src) by extension 'cmake'
[7.740s] Level 1:colcon.colcon_core.package_identification:_identify(src) by extension 'python'
[7.740s] Level 1:colcon.colcon_core.package_identification:_identify(src) by extensions ['python_setup_py']
[7.740s] Level 1:colcon.colcon_core.package_identification:_identify(src) by extension 'python_setup_py'
[7.740s] Level 1:colcon.colcon_core.package_identification:_identify(src/launch) by extensions ['ignore', 'ignore_ament_install']
[7.740s] Level 1:colcon.colcon_core.package_identification:_identify(src/launch) by extension 'ignore'
[7.740s] Level 1:colcon.colcon_core.package_identification:_identify(src/launch) by extension 'ignore_ament_install'
[7.740s] Level 1:colcon.colcon_core.package_identification:_identify(src/launch) by extensions ['colcon_pkg']
[7.740s] Level 1:colcon.colcon_core.package_identification:_identify(src/launch) by extension 'colcon_pkg'
[7.740s] Level 1:colcon.colcon_core.package_identification:_identify(src/launch) by extensions ['colcon_meta']
[7.740s] Level 1:colcon.colcon_core.package_identification:_identify(src/launch) by extension 'colcon_meta'
[7.740s] Level 1:colcon.colcon_core.package_identification:_identify(src/launch) by extensions ['ros']
[7.740s] Level 1:colcon.colcon_core.package_identification:_identify(src/launch) by extension 'ros'
[7.740s] Level 1:colcon.colcon_core.package_identification:_identify(src/launch) by extensions ['cmake', 'python']
[7.740s] Level 1:colcon.colcon_core.package_identification:_identify(src/launch) by extension 'cmake'
[7.740s] Level 1:colcon.colcon_core.package_identification:_identify(src/launch) by extension 'python'
[7.740s] Level 1:colcon.colcon_core.package_identification:_identify(src/launch) by extensions ['python_setup_py']
[7.740s] Level 1:colcon.colcon_core.package_identification:_identify(src/launch) by extension 'python_setup_py'
[7.740s] Level 1:colcon.colcon_core.package_identification:_identify(src/launch/__pycache__) by extensions ['ignore', 'ignore_ament_install']
[7.741s] Level 1:colcon.colcon_core.package_identification:_identify(src/launch/__pycache__) by extension 'ignore'
[7.741s] Level 1:colcon.colcon_core.package_identification:_identify(src/launch/__pycache__) by extension 'ignore_ament_install'
[7.741s] Level 1:colcon.colcon_core.package_identification:_identify(src/launch/__pycache__) by extensions ['colcon_pkg']
[7.741s] Level 1:colcon.colcon_core.package_identification:_identify(src/launch/__pycache__) by extension 'colcon_pkg'
[7.741s] Level 1:colcon.colcon_core.package_identification:_identify(src/launch/__pycache__) by extensions ['colcon_meta']
[7.741s] Level 1:colcon.colcon_core.package_identification:_identify(src/launch/__pycache__) by extension 'colcon_meta'
[7.741s] Level 1:colcon.colcon_core.package_identification:_identify(src/launch/__pycache__) by extensions ['ros']
[7.741s] Level 1:colcon.colcon_core.package_identification:_identify(src/launch/__pycache__) by extension 'ros'
[7.741s] Level 1:colcon.colcon_core.package_identification:_identify(src/launch/__pycache__) by extensions ['cmake', 'python']
[7.741s] Level 1:colcon.colcon_core.package_identification:_identify(src/launch/__pycache__) by extension 'cmake'
[7.741s] Level 1:colcon.colcon_core.package_identification:_identify(src/launch/__pycache__) by extension 'python'
[7.741s] Level 1:colcon.colcon_core.package_identification:_identify(src/launch/__pycache__) by extensions ['python_setup_py']
[7.741s] Level 1:colcon.colcon_core.package_identification:_identify(src/launch/__pycache__) by extension 'python_setup_py'
[7.741s] Level 1:colcon.colcon_core.package_identification:_identify(src/movement) by extensions ['ignore', 'ignore_ament_install']
[7.741s] Level 1:colcon.colcon_core.package_identification:_identify(src/movement) by extension 'ignore'
[7.741s] Level 1:colcon.colcon_core.package_identification:_identify(src/movement) by extension 'ignore_ament_install'
[7.741s] Level 1:colcon.colcon_core.package_identification:_identify(src/movement) by extensions ['colcon_pkg']
[7.741s] Level 1:colcon.colcon_core.package_identification:_identify(src/movement) by extension 'colcon_pkg'
[7.742s] Level 1:colcon.colcon_core.package_identification:_identify(src/movement) by extensions ['colcon_meta']
[7.742s] Level 1:colcon.colcon_core.package_identification:_identify(src/movement) by extension 'colcon_meta'
[7.742s] Level 1:colcon.colcon_core.package_identification:_identify(src/movement) by extensions ['ros']
[7.742s] Level 1:colcon.colcon_core.package_identification:_identify(src/movement) by extension 'ros'
[7.744s] DEBUG:colcon.colcon_core.package_identification:Package 'src/movement' with type 'ros.ament_python' and name 'movement'
[7.744s] Level 1:colcon.colcon_core.package_discovery:discover_packages(recursive) using defaults
[7.744s] Level 1:colcon.colcon_core.package_discovery:discover_packages(ignore) discover
[7.744s] Level 1:colcon.colcon_core.package_discovery:discover_packages(ignore) using defaults
[7.744s] Level 1:colcon.colcon_core.package_discovery:discover_packages(path) discover
[7.744s] Level 1:colcon.colcon_core.package_discovery:discover_packages(path) using defaults
[7.871s] Level 1:colcon.colcon_core.package_discovery:discover_packages(prefix_path) check parameters
[7.871s] Level 1:colcon.colcon_core.package_discovery:discover_packages(prefix_path) discover
[7.910s] DEBUG:colcon.colcon_installed_package_information.package_discovery:Found 1 installed packages in /home/keenan/Documents/ME597_students/ros2_ws/install
[7.931s] DEBUG:colcon.colcon_installed_package_information.package_discovery:Found 392 installed packages in /opt/ros/humble
[7.932s] Level 1:colcon.colcon_core.package_discovery:discover_packages(prefix_path) using defaults
[8.051s] Level 5:colcon.colcon_core.verb:set package 'movement' build argument 'cmake_args' from command line to 'None'
[8.051s] Level 5:colcon.colcon_core.verb:set package 'movement' build argument 'cmake_target' from command line to 'None'
[8.051s] Level 5:colcon.colcon_core.verb:set package 'movement' build argument 'cmake_target_skip_unavailable' from command line to 'False'
[8.051s] Level 5:colcon.colcon_core.verb:set package 'movement' build argument 'cmake_clean_cache' from command line to 'False'
[8.051s] Level 5:colcon.colcon_core.verb:set package 'movement' build argument 'cmake_clean_first' from command line to 'False'
[8.051s] Level 5:colcon.colcon_core.verb:set package 'movement' build argument 'cmake_force_configure' from command line to 'False'
[8.051s] Level 5:colcon.colcon_core.verb:set package 'movement' build argument 'ament_cmake_args' from command line to 'None'
[8.051s] Level 5:colcon.colcon_core.verb:set package 'movement' build argument 'catkin_cmake_args' from command line to 'None'
[8.051s] Level 5:colcon.colcon_core.verb:set package 'movement' build argument 'catkin_skip_building_tests' from command line to 'False'
[8.051s] DEBUG:colcon.colcon_core.verb:Building package 'movement' with the following arguments: {'ament_cmake_args': None, 'build_base': '/home/keenan/Documents/ME597_students/ros2_ws/build/movement', 'catkin_cmake_args': None, 'catkin_skip_building_tests': False, 'cmake_args': None, 'cmake_clean_cache': False, 'cmake_clean_first': False, 'cmake_force_configure': False, 'cmake_target': None, 'cmake_target_skip_unavailable': False, 'install_base': '/home/keenan/Documents/ME597_students/ros2_ws/install/movement', 'merge_install': False, 'path': '/home/keenan/Documents/ME597_students/ros2_ws/src/movement', 'symlink_install': False, 'test_result_base': None}
[8.071s] INFO:colcon.colcon_core.executor:Executing jobs using 'parallel' executor
[8.091s] DEBUG:colcon.colcon_parallel_executor.executor.parallel:run_until_complete
[8.091s] INFO:colcon.colcon_ros.task.ament_python.build:Building ROS package in '/home/keenan/Documents/ME597_students/ros2_ws/src/movement' with build type 'ament_python'
[8.091s] Level 1:colcon.colcon_core.shell:create_environment_hook('movement', 'ament_prefix_path')
[8.117s] INFO:colcon.colcon_core.plugin_system:Skipping extension 'colcon_core.shell.bat': Not used on non-Windows systems
[8.118s] INFO:colcon.colcon_core.shell:Creating environment hook '/home/keenan/Documents/ME597_students/ros2_ws/install/movement/share/movement/hook/ament_prefix_path.ps1'
[8.118s] INFO:colcon.colcon_core.shell:Creating environment descriptor '/home/keenan/Documents/ME597_students/ros2_ws/install/movement/share/movement/hook/ament_prefix_path.dsv'
[8.119s] INFO:colcon.colcon_core.shell:Creating environment hook '/home/keenan/Documents/ME597_students/ros2_ws/install/movement/share/movement/hook/ament_prefix_path.sh'
[8.139s] INFO:colcon.colcon_core.shell:Skip shell extension 'powershell' for command environment: Not usable outside of PowerShell
[8.139s] DEBUG:colcon.colcon_core.shell:Skip shell extension 'dsv' for command environment
[8.628s] INFO:colcon.colcon_core.task.python.build:Building Python package in '/home/keenan/Documents/ME597_students/ros2_ws/src/movement'
[8.657s] INFO:colcon.colcon_core.shell:Skip shell extension 'powershell' for command environment: Not usable outside of PowerShell
[8.657s] DEBUG:colcon.colcon_core.shell:Skip shell extension 'dsv' for command environment
[9.327s] DEBUG:colcon.colcon_core.event_handler.log_command:Invoking command in '/home/keenan/Documents/ME597_students/ros2_ws/src/movement': PYTHONPATH=/home/keenan/Documents/ME597_students/ros2_ws/build/movement/prefix_override:/home/keenan/Documents/ME597_students/ros2_ws/install/movement/lib/python3.10/site-packages:${PYTHONPATH} /usr/bin/python3 setup.py egg_info --egg-base ../../build/movement build --build-base /home/keenan/Documents/ME597_students/ros2_ws/build/movement/build install --record /home/keenan/Documents/ME597_students/ros2_ws/build/movement/install.log --single-version-externally-managed
[9.800s] DEBUG:colcon.colcon_core.event_handler.log_command:Invoked command in '/home/keenan/Documents/ME597_students/ros2_ws/src/movement' returned '0': PYTHONPATH=/home/keenan/Documents/ME597_students/ros2_ws/build/movement/prefix_override:/home/keenan/Documents/ME597_students/ros2_ws/install/movement/lib/python3.10/site-packages:${PYTHONPATH} /usr/bin/python3 setup.py egg_info --egg-base ../../build/movement build --build-base /home/keenan/Documents/ME597_students/ros2_ws/build/movement/build install --record /home/keenan/Documents/ME597_students/ros2_ws/build/movement/install.log --single-version-externally-managed
[9.837s] Level 1:colcon.colcon_core.environment:checking '/home/keenan/Documents/ME597_students/ros2_ws/install/movement' for CMake module files
[9.838s] Level 1:colcon.colcon_core.environment:checking '/home/keenan/Documents/ME597_students/ros2_ws/install/movement' for CMake config files
[9.839s] Level 1:colcon.colcon_core.environment:checking '/home/keenan/Documents/ME597_students/ros2_ws/install/movement/lib'
[9.839s] Level 1:colcon.colcon_core.environment:checking '/home/keenan/Documents/ME597_students/ros2_ws/install/movement/bin'
[9.839s] Level 1:colcon.colcon_core.environment:checking '/home/keenan/Documents/ME597_students/ros2_ws/install/movement/lib/pkgconfig/movement.pc'
[9.840s] Level 1:colcon.colcon_core.environment:checking '/home/keenan/Documents/ME597_students/ros2_ws/install/movement/lib/python3.10/site-packages'
[9.840s] Level 1:colcon.colcon_core.shell:create_environment_hook('movement', 'pythonpath')
[9.871s] INFO:colcon.colcon_core.shell:Creating environment hook '/home/keenan/Documents/ME597_students/ros2_ws/install/movement/share/movement/hook/pythonpath.ps1'
[9.871s] INFO:colcon.colcon_core.shell:Creating environment descriptor '/home/keenan/Documents/ME597_students/ros2_ws/install/movement/share/movement/hook/pythonpath.dsv'
[9.872s] INFO:colcon.colcon_core.shell:Creating environment hook '/home/keenan/Documents/ME597_students/ros2_ws/install/movement/share/movement/hook/pythonpath.sh'
[9.873s] Level 1:colcon.colcon_core.environment:checking '/home/keenan/Documents/ME597_students/ros2_ws/install/movement/bin'
[9.873s] Level 1:colcon.colcon_core.environment:create_environment_scripts_only(movement)
[9.901s] INFO:colcon.colcon_core.shell:Creating package script '/home/keenan/Documents/ME597_students/ros2_ws/install/movement/share/movement/package.ps1'
[9.903s] INFO:colcon.colcon_core.shell:Creating package descriptor '/home/keenan/Documents/ME597_students/ros2_ws/install/movement/share/movement/package.dsv'
[9.903s] INFO:colcon.colcon_core.shell:Creating package script '/home/keenan/Documents/ME597_students/ros2_ws/install/movement/share/movement/package.sh'
[9.905s] INFO:colcon.colcon_core.shell:Creating package script '/home/keenan/Documents/ME597_students/ros2_ws/install/movement/share/movement/package.bash'
[9.906s] INFO:colcon.colcon_core.shell:Creating package script '/home/keenan/Documents/ME597_students/ros2_ws/install/movement/share/movement/package.zsh'
[9.906s] Level 1:colcon.colcon_core.environment:create_file_with_runtime_dependencies(/home/keenan/Documents/ME597_students/ros2_ws/install/movement/share/colcon-core/packages/movement)
[9.907s] DEBUG:colcon.colcon_parallel_executor.executor.parallel:closing loop
[9.907s] DEBUG:colcon.colcon_parallel_executor.executor.parallel:loop closed
[9.907s] DEBUG:colcon.colcon_parallel_executor.executor.parallel:run_until_complete finished with '0'
[9.907s] DEBUG:colcon.colcon_core.event_reactor:joining thread
[9.938s] INFO:colcon.colcon_core.plugin_system:Skipping extension 'colcon_notification.desktop_notification.terminal_notifier': Not used on non-Darwin systems
[9.938s] INFO:colcon.colcon_core.plugin_system:Skipping extension 'colcon_notification.desktop_notification.win32': Not used on non-Windows systems
[9.938s] INFO:colcon.colcon_notification.desktop_notification:Sending desktop notification using 'notify2'
[9.950s] DEBUG:colcon.colcon_core.event_reactor:joined thread
[9.981s] INFO:colcon.colcon_core.shell:Creating prefix script '/home/keenan/Documents/ME597_students/ros2_ws/install/local_setup.ps1'
[9.983s] INFO:colcon.colcon_core.shell:Creating prefix util module '/home/keenan/Documents/ME597_students/ros2_ws/install/_local_setup_util_ps1.py'
[9.985s] INFO:colcon.colcon_core.shell:Creating prefix chain script '/home/keenan/Documents/ME597_students/ros2_ws/install/setup.ps1'
[10.018s] INFO:colcon.colcon_core.shell:Creating prefix script '/home/keenan/Documents/ME597_students/ros2_ws/install/local_setup.sh'
[10.019s] INFO:colcon.colcon_core.shell:Creating prefix util module '/home/keenan/Documents/ME597_students/ros2_ws/install/_local_setup_util_sh.py'
[10.020s] INFO:colcon.colcon_core.shell:Creating prefix chain script '/home/keenan/Documents/ME597_students/ros2_ws/install/setup.sh'
[10.053s] INFO:colcon.colcon_core.shell:Creating prefix script '/home/keenan/Documents/ME597_students/ros2_ws/install/local_setup.bash'
[10.054s] INFO:colcon.colcon_core.shell:Creating prefix chain script '/home/keenan/Documents/ME597_students/ros2_ws/install/setup.bash'
[10.087s] INFO:colcon.colcon_core.shell:Creating prefix script '/home/keenan/Documents/ME597_students/ros2_ws/install/local_setup.zsh'
[10.088s] INFO:colcon.colcon_core.shell:Creating prefix chain script '/home/keenan/Documents/ME597_students/ros2_ws/install/setup.zsh'
