running egg_info
writing ../../build/movement/movement.egg-info/PKG-INFO
writing dependency_links to ../../build/movement/movement.egg-info/dependency_links.txt
writing entry points to ../../build/movement/movement.egg-info/entry_points.txt
writing requirements to ../../build/movement/movement.egg-info/requires.txt
writing top-level names to ../../build/movement/movement.egg-info/top_level.txt
reading manifest file '../../build/movement/movement.egg-info/SOURCES.txt'
writing manifest file '../../build/movement/movement.egg-info/SOURCES.txt'
running build
running build_py
copying movement/motions.py -> /home/keenan/Documents/ME597_students/ros2_ws/build/movement/build/lib/movement
running install
running install_lib
copying /home/keenan/Documents/ME597_students/ros2_ws/build/movement/build/lib/movement/motions.py -> /home/keenan/Documents/ME597_students/ros2_ws/install/movement/lib/python3.10/site-packages/movement
byte-compiling /home/keenan/Documents/ME597_students/ros2_ws/install/movement/lib/python3.10/site-packages/movement/motions.py to motions.cpython-310.pyc
running install_data
running install_egg_info
removing '/home/keenan/Documents/ME597_students/ros2_ws/install/movement/lib/python3.10/site-packages/movement-0.0.0-py3.10.egg-info' (and everything under it)
Copying ../../build/movement/movement.egg-info to /home/keenan/Documents/ME597_students/ros2_ws/install/movement/lib/python3.10/site-packages/movement-0.0.0-py3.10.egg-info
running install_scripts
Installing motions_exe script to /home/keenan/Documents/ME597_students/ros2_ws/install/movement/lib/movement
writing list of installed files to '/home/keenan/Documents/ME597_students/ros2_ws/build/movement/install.log'
