[3.086s] Invoking command in '/home/keenan/Documents/ME597_students/ros2_ws/src/movement': PYTHONPATH=/home/keenan/Documents/ME597_students/ros2_ws/build/movement/prefix_override:/home/keenan/Documents/ME597_students/ros2_ws/install/movement/lib/python3.10/site-packages:${PYTHONPATH} /usr/bin/python3 setup.py egg_info --egg-base ../../build/movement build --build-base /home/keenan/Documents/ME597_students/ros2_ws/build/movement/build install --record /home/keenan/Documents/ME597_students/ros2_ws/build/movement/install.log --single-version-externally-managed
[3.814s] running egg_info
[3.817s] writing ../../build/movement/movement.egg-info/PKG-INFO
[3.817s] writing dependency_links to ../../build/movement/movement.egg-info/dependency_links.txt
[3.818s] writing entry points to ../../build/movement/movement.egg-info/entry_points.txt
[3.818s] writing requirements to ../../build/movement/movement.egg-info/requires.txt
[3.818s] writing top-level names to ../../build/movement/movement.egg-info/top_level.txt
[3.825s] reading manifest file '../../build/movement/movement.egg-info/SOURCES.txt'
[3.828s] writing manifest file '../../build/movement/movement.egg-info/SOURCES.txt'
[3.829s] running build
[3.829s] running build_py
[3.829s] copying movement/motions.py -> /home/keenan/Documents/ME597_students/ros2_ws/build/movement/build/lib/movement
[3.829s] running install
[3.830s] running install_lib
[3.832s] copying /home/keenan/Documents/ME597_students/ros2_ws/build/movement/build/lib/movement/motions.py -> /home/keenan/Documents/ME597_students/ros2_ws/install/movement/lib/python3.10/site-packages/movement
[3.834s] byte-compiling /home/keenan/Documents/ME597_students/ros2_ws/install/movement/lib/python3.10/site-packages/movement/motions.py to motions.cpython-310.pyc
[3.837s] running install_data
[3.839s] running install_egg_info
[3.843s] removing '/home/keenan/Documents/ME597_students/ros2_ws/install/movement/lib/python3.10/site-packages/movement-0.0.0-py3.10.egg-info' (and everything under it)
[3.843s] Copying ../../build/movement/movement.egg-info to /home/keenan/Documents/ME597_students/ros2_ws/install/movement/lib/python3.10/site-packages/movement-0.0.0-py3.10.egg-info
[3.845s] running install_scripts
[3.894s] Installing motions_exe script to /home/keenan/Documents/ME597_students/ros2_ws/install/movement/lib/movement
[3.895s] writing list of installed files to '/home/keenan/Documents/ME597_students/ros2_ws/build/movement/install.log'
[3.946s] Invoked command in '/home/keenan/Documents/ME597_students/ros2_ws/src/movement' returned '0': PYTHONPATH=/home/keenan/Documents/ME597_students/ros2_ws/build/movement/prefix_override:/home/keenan/Documents/ME597_students/ros2_ws/install/movement/lib/python3.10/site-packages:${PYTHONPATH} /usr/bin/python3 setup.py egg_info --egg-base ../../build/movement build --build-base /home/keenan/Documents/ME597_students/ros2_ws/build/movement/build install --record /home/keenan/Documents/ME597_students/ros2_ws/build/movement/install.log --single-version-externally-managed
