[8.963s] DEBUG:colcon:Command line arguments: ['/usr/bin/colcon', 'build']
[8.964s] DEBUG:colcon:Parsed command line arguments: Namespace(log_base=None, log_level=None, verb_name='build', build_base='build', install_base='install', merge_install=False, symlink_install=False, test_result_base=None, continue_on_error=False, executor='parallel', parallel_workers=4, event_handlers=None, ignore_user_meta=False, metas=['./colcon.meta'], base_paths=['.'], packages_ignore=None, packages_ignore_regex=None, paths=None, packages_up_to=None, packages_up_to_regex=None, packages_above=None, packages_above_and_dependencies=None, packages_above_depth=None, packages_select_by_dep=None, packages_skip_by_dep=None, packages_skip_up_to=None, packages_select_build_failed=False, packages_skip_build_finished=False, packages_select_test_failures=False, packages_skip_test_passed=False, packages_select=None, packages_skip=None, packages_select_regex=None, packages_skip_regex=None, packages_start=None, packages_end=None, allow_overriding=[], cmake_args=None, cmake_target=None, cmake_target_skip_unavailable=False, cmake_clean_cache=False, cmake_clean_first=False, cmake_force_configure=False, ament_cmake_args=None, catkin_cmake_args=None, catkin_skip_building_tests=False, verb_parser=<colcon_defaults.argument_parser.defaults.DefaultArgumentsDecorator object at 0x7f57a4fc0400>, verb_extension=<colcon_core.verb.build.BuildVerb object at 0x7f57a4fed810>, main=<bound method BuildVerb.main of <colcon_core.verb.build.BuildVerb object at 0x7f57a4fed810>>)
[9.421s] Level 1:colcon.colcon_core.package_discovery:discover_packages(colcon_meta) check parameters
[9.422s] Level 1:colcon.colcon_core.package_discovery:discover_packages(recursive) check parameters
[9.423s] Level 1:colcon.colcon_core.package_discovery:discover_packages(ignore) check parameters
[9.424s] Level 1:colcon.colcon_core.package_discovery:discover_packages(path) check parameters
[9.425s] Level 1:colcon.colcon_core.package_discovery:discover_packages(colcon_meta) discover
[9.425s] Level 1:colcon.colcon_core.package_discovery:discover_packages(recursive) discover
[9.426s] INFO:colcon.colcon_core.package_discovery:Crawling recursively for packages in '/home/keenan/Documents/ME597_students/ros2_ws'
[9.427s] Level 1:colcon.colcon_core.package_identification:_identify(.) by extensions ['ignore', 'ignore_ament_install']
[9.427s] Level 1:colcon.colcon_core.package_identification:_identify(.) by extension 'ignore'
[9.428s] Level 1:colcon.colcon_core.package_identification:_identify(.) by extension 'ignore_ament_install'
[9.430s] Level 1:colcon.colcon_core.package_identification:_identify(.) by extensions ['colcon_pkg']
[9.431s] Level 1:colcon.colcon_core.package_identification:_identify(.) by extension 'colcon_pkg'
[9.432s] Level 1:colcon.colcon_core.package_identification:_identify(.) by extensions ['colcon_meta']
[9.433s] Level 1:colcon.colcon_core.package_identification:_identify(.) by extension 'colcon_meta'
[9.434s] Level 1:colcon.colcon_core.package_identification:_identify(.) by extensions ['ros']
[9.435s] Level 1:colcon.colcon_core.package_identification:_identify(.) by extension 'ros'
[9.511s] Level 1:colcon.colcon_core.package_identification:_identify(.) by extensions ['cmake', 'python']
[9.512s] Level 1:colcon.colcon_core.package_identification:_identify(.) by extension 'cmake'
[9.514s] Level 1:colcon.colcon_core.package_identification:_identify(.) by extension 'python'
[9.514s] Level 1:colcon.colcon_core.package_identification:_identify(.) by extensions ['python_setup_py']
[9.515s] Level 1:colcon.colcon_core.package_identification:_identify(.) by extension 'python_setup_py'
[9.517s] Level 1:colcon.colcon_core.package_identification:_identify(build) by extensions ['ignore', 'ignore_ament_install']
[9.518s] Level 1:colcon.colcon_core.package_identification:_identify(build) by extension 'ignore'
[9.519s] Level 1:colcon.colcon_core.package_identification:_identify(build) ignored
[9.521s] Level 1:colcon.colcon_core.package_identification:_identify(install) by extensions ['ignore', 'ignore_ament_install']
[9.522s] Level 1:colcon.colcon_core.package_identification:_identify(install) by extension 'ignore'
[9.523s] Level 1:colcon.colcon_core.package_identification:_identify(install) ignored
[9.525s] Level 1:colcon.colcon_core.package_identification:_identify(log) by extensions ['ignore', 'ignore_ament_install']
[9.526s] Level 1:colcon.colcon_core.package_identification:_identify(log) by extension 'ignore'
[9.526s] Level 1:colcon.colcon_core.package_identification:_identify(log) ignored
[9.527s] Level 1:colcon.colcon_core.package_identification:_identify(src) by extensions ['ignore', 'ignore_ament_install']
[9.528s] Level 1:colcon.colcon_core.package_identification:_identify(src) by extension 'ignore'
[9.529s] Level 1:colcon.colcon_core.package_identification:_identify(src) by extension 'ignore_ament_install'
[9.531s] Level 1:colcon.colcon_core.package_identification:_identify(src) by extensions ['colcon_pkg']
[9.532s] Level 1:colcon.colcon_core.package_identification:_identify(src) by extension 'colcon_pkg'
[9.532s] Level 1:colcon.colcon_core.package_identification:_identify(src) by extensions ['colcon_meta']
[9.533s] Level 1:colcon.colcon_core.package_identification:_identify(src) by extension 'colcon_meta'
[9.534s] Level 1:colcon.colcon_core.package_identification:_identify(src) by extensions ['ros']
[9.535s] Level 1:colcon.colcon_core.package_identification:_identify(src) by extension 'ros'
[9.537s] Level 1:colcon.colcon_core.package_identification:_identify(src) by extensions ['cmake', 'python']
[9.538s] Level 1:colcon.colcon_core.package_identification:_identify(src) by extension 'cmake'
[9.556s] Level 1:colcon.colcon_core.package_identification:_identify(src) by extension 'python'
[9.556s] Level 1:colcon.colcon_core.package_identification:_identify(src) by extensions ['python_setup_py']
[9.557s] Level 1:colcon.colcon_core.package_identification:_identify(src) by extension 'python_setup_py'
[9.558s] Level 1:colcon.colcon_core.package_identification:_identify(src/launch) by extensions ['ignore', 'ignore_ament_install']
[9.559s] Level 1:colcon.colcon_core.package_identification:_identify(src/launch) by extension 'ignore'
[9.560s] Level 1:colcon.colcon_core.package_identification:_identify(src/launch) by extension 'ignore_ament_install'
[9.560s] Level 1:colcon.colcon_core.package_identification:_identify(src/launch) by extensions ['colcon_pkg']
[9.561s] Level 1:colcon.colcon_core.package_identification:_identify(src/launch) by extension 'colcon_pkg'
[9.562s] Level 1:colcon.colcon_core.package_identification:_identify(src/launch) by extensions ['colcon_meta']
[9.562s] Level 1:colcon.colcon_core.package_identification:_identify(src/launch) by extension 'colcon_meta'
[9.563s] Level 1:colcon.colcon_core.package_identification:_identify(src/launch) by extensions ['ros']
[9.563s] Level 1:colcon.colcon_core.package_identification:_identify(src/launch) by extension 'ros'
[9.564s] Level 1:colcon.colcon_core.package_identification:_identify(src/launch) by extensions ['cmake', 'python']
[9.564s] Level 1:colcon.colcon_core.package_identification:_identify(src/launch) by extension 'cmake'
[9.565s] Level 1:colcon.colcon_core.package_identification:_identify(src/launch) by extension 'python'
[9.565s] Level 1:colcon.colcon_core.package_identification:_identify(src/launch) by extensions ['python_setup_py']
[9.566s] Level 1:colcon.colcon_core.package_identification:_identify(src/launch) by extension 'python_setup_py'
[9.567s] Level 1:colcon.colcon_core.package_identification:_identify(src/launch/__pycache__) by extensions ['ignore', 'ignore_ament_install']
[9.568s] Level 1:colcon.colcon_core.package_identification:_identify(src/launch/__pycache__) by extension 'ignore'
[9.569s] Level 1:colcon.colcon_core.package_identification:_identify(src/launch/__pycache__) by extension 'ignore_ament_install'
[9.570s] Level 1:colcon.colcon_core.package_identification:_identify(src/launch/__pycache__) by extensions ['colcon_pkg']
[9.570s] Level 1:colcon.colcon_core.package_identification:_identify(src/launch/__pycache__) by extension 'colcon_pkg'
[9.571s] Level 1:colcon.colcon_core.package_identification:_identify(src/launch/__pycache__) by extensions ['colcon_meta']
[9.571s] Level 1:colcon.colcon_core.package_identification:_identify(src/launch/__pycache__) by extension 'colcon_meta'
[9.572s] Level 1:colcon.colcon_core.package_identification:_identify(src/launch/__pycache__) by extensions ['ros']
[9.573s] Level 1:colcon.colcon_core.package_identification:_identify(src/launch/__pycache__) by extension 'ros'
[9.573s] Level 1:colcon.colcon_core.package_identification:_identify(src/launch/__pycache__) by extensions ['cmake', 'python']
[9.574s] Level 1:colcon.colcon_core.package_identification:_identify(src/launch/__pycache__) by extension 'cmake'
[9.575s] Level 1:colcon.colcon_core.package_identification:_identify(src/launch/__pycache__) by extension 'python'
[9.575s] Level 1:colcon.colcon_core.package_identification:_identify(src/launch/__pycache__) by extensions ['python_setup_py']
[9.584s] Level 1:colcon.colcon_core.package_identification:_identify(src/launch/__pycache__) by extension 'python_setup_py'
[9.586s] Level 1:colcon.colcon_core.package_identification:_identify(src/movement) by extensions ['ignore', 'ignore_ament_install']
[9.587s] Level 1:colcon.colcon_core.package_identification:_identify(src/movement) by extension 'ignore'
[9.588s] Level 1:colcon.colcon_core.package_identification:_identify(src/movement) by extension 'ignore_ament_install'
[9.590s] Level 1:colcon.colcon_core.package_identification:_identify(src/movement) by extensions ['colcon_pkg']
[9.591s] Level 1:colcon.colcon_core.package_identification:_identify(src/movement) by extension 'colcon_pkg'
[9.591s] Level 1:colcon.colcon_core.package_identification:_identify(src/movement) by extensions ['colcon_meta']
[9.592s] Level 1:colcon.colcon_core.package_identification:_identify(src/movement) by extension 'colcon_meta'
[9.593s] Level 1:colcon.colcon_core.package_identification:_identify(src/movement) by extensions ['ros']
[9.593s] Level 1:colcon.colcon_core.package_identification:_identify(src/movement) by extension 'ros'
[9.601s] DEBUG:colcon.colcon_core.package_identification:Package 'src/movement' with type 'ros.ament_python' and name 'movement'
[9.609s] Level 1:colcon.colcon_core.package_discovery:discover_packages(recursive) using defaults
[9.610s] Level 1:colcon.colcon_core.package_discovery:discover_packages(ignore) discover
[9.620s] Level 1:colcon.colcon_core.package_discovery:discover_packages(ignore) using defaults
[9.620s] Level 1:colcon.colcon_core.package_discovery:discover_packages(path) discover
[9.621s] Level 1:colcon.colcon_core.package_discovery:discover_packages(path) using defaults
[10.566s] Level 1:colcon.colcon_core.package_discovery:discover_packages(prefix_path) check parameters
[10.567s] Level 1:colcon.colcon_core.package_discovery:discover_packages(prefix_path) discover
[10.909s] DEBUG:colcon.colcon_installed_package_information.package_discovery:Found 1 installed packages in /home/keenan/Documents/ME597_students/ros2_ws/install
[11.091s] DEBUG:colcon.colcon_installed_package_information.package_discovery:Found 392 installed packages in /opt/ros/humble
[11.105s] Level 1:colcon.colcon_core.package_discovery:discover_packages(prefix_path) using defaults
[12.093s] Level 5:colcon.colcon_core.verb:set package 'movement' build argument 'cmake_args' from command line to 'None'
[12.094s] Level 5:colcon.colcon_core.verb:set package 'movement' build argument 'cmake_target' from command line to 'None'
[12.094s] Level 5:colcon.colcon_core.verb:set package 'movement' build argument 'cmake_target_skip_unavailable' from command line to 'False'
[12.095s] Level 5:colcon.colcon_core.verb:set package 'movement' build argument 'cmake_clean_cache' from command line to 'False'
[12.095s] Level 5:colcon.colcon_core.verb:set package 'movement' build argument 'cmake_clean_first' from command line to 'False'
[12.096s] Level 5:colcon.colcon_core.verb:set package 'movement' build argument 'cmake_force_configure' from command line to 'False'
[12.096s] Level 5:colcon.colcon_core.verb:set package 'movement' build argument 'ament_cmake_args' from command line to 'None'
[12.096s] Level 5:colcon.colcon_core.verb:set package 'movement' build argument 'catkin_cmake_args' from command line to 'None'
[12.097s] Level 5:colcon.colcon_core.verb:set package 'movement' build argument 'catkin_skip_building_tests' from command line to 'False'
[12.097s] DEBUG:colcon.colcon_core.verb:Building package 'movement' with the following arguments: {'ament_cmake_args': None, 'build_base': '/home/keenan/Documents/ME597_students/ros2_ws/build/movement', 'catkin_cmake_args': None, 'catkin_skip_building_tests': False, 'cmake_args': None, 'cmake_clean_cache': False, 'cmake_clean_first': False, 'cmake_force_configure': False, 'cmake_target': None, 'cmake_target_skip_unavailable': False, 'install_base': '/home/keenan/Documents/ME597_students/ros2_ws/install/movement', 'merge_install': False, 'path': '/home/keenan/Documents/ME597_students/ros2_ws/src/movement', 'symlink_install': False, 'test_result_base': None}
[12.260s] INFO:colcon.colcon_core.executor:Executing jobs using 'parallel' executor
[12.427s] DEBUG:colcon.colcon_parallel_executor.executor.parallel:run_until_complete
[12.428s] INFO:colcon.colcon_ros.task.ament_python.build:Building ROS package in '/home/keenan/Documents/ME597_students/ros2_ws/src/movement' with build type 'ament_python'
[12.429s] Level 1:colcon.colcon_core.shell:create_environment_hook('movement', 'ament_prefix_path')
[12.619s] INFO:colcon.colcon_core.plugin_system:Skipping extension 'colcon_core.shell.bat': Not used on non-Windows systems
[12.624s] INFO:colcon.colcon_core.shell:Creating environment hook '/home/keenan/Documents/ME597_students/ros2_ws/install/movement/share/movement/hook/ament_prefix_path.ps1'
[12.629s] INFO:colcon.colcon_core.shell:Creating environment descriptor '/home/keenan/Documents/ME597_students/ros2_ws/install/movement/share/movement/hook/ament_prefix_path.dsv'
[12.632s] INFO:colcon.colcon_core.shell:Creating environment hook '/home/keenan/Documents/ME597_students/ros2_ws/install/movement/share/movement/hook/ament_prefix_path.sh'
[12.833s] INFO:colcon.colcon_core.shell:Skip shell extension 'powershell' for command environment: Not usable outside of PowerShell
[12.835s] DEBUG:colcon.colcon_core.shell:Skip shell extension 'dsv' for command environment
[15.829s] INFO:colcon.colcon_core.task.python.build:Building Python package in '/home/keenan/Documents/ME597_students/ros2_ws/src/movement'
[16.072s] INFO:colcon.colcon_core.shell:Skip shell extension 'powershell' for command environment: Not usable outside of PowerShell
[16.072s] DEBUG:colcon.colcon_core.shell:Skip shell extension 'dsv' for command environment
[20.341s] DEBUG:colcon.colcon_core.event_handler.log_command:Invoking command in '/home/keenan/Documents/ME597_students/ros2_ws/src/movement': PYTHONPATH=/home/keenan/Documents/ME597_students/ros2_ws/build/movement/prefix_override:/home/keenan/Documents/ME597_students/ros2_ws/install/movement/lib/python3.10/site-packages:${PYTHONPATH} /usr/bin/python3 setup.py egg_info --egg-base ../../build/movement build --build-base /home/keenan/Documents/ME597_students/ros2_ws/build/movement/build install --record /home/keenan/Documents/ME597_students/ros2_ws/build/movement/install.log --single-version-externally-managed
[22.988s] DEBUG:colcon.colcon_core.event_handler.log_command:Invoked command in '/home/keenan/Documents/ME597_students/ros2_ws/src/movement' returned '0': PYTHONPATH=/home/keenan/Documents/ME597_students/ros2_ws/build/movement/prefix_override:/home/keenan/Documents/ME597_students/ros2_ws/install/movement/lib/python3.10/site-packages:${PYTHONPATH} /usr/bin/python3 setup.py egg_info --egg-base ../../build/movement build --build-base /home/keenan/Documents/ME597_students/ros2_ws/build/movement/build install --record /home/keenan/Documents/ME597_students/ros2_ws/build/movement/install.log --single-version-externally-managed
[23.171s] Level 1:colcon.colcon_core.environment:checking '/home/keenan/Documents/ME597_students/ros2_ws/install/movement' for CMake module files
[23.173s] Level 1:colcon.colcon_core.environment:checking '/home/keenan/Documents/ME597_students/ros2_ws/install/movement' for CMake config files
[23.177s] Level 1:colcon.colcon_core.environment:checking '/home/keenan/Documents/ME597_students/ros2_ws/install/movement/lib'
[23.178s] Level 1:colcon.colcon_core.environment:checking '/home/keenan/Documents/ME597_students/ros2_ws/install/movement/bin'
[23.179s] Level 1:colcon.colcon_core.environment:checking '/home/keenan/Documents/ME597_students/ros2_ws/install/movement/lib/pkgconfig/movement.pc'
[23.180s] Level 1:colcon.colcon_core.environment:checking '/home/keenan/Documents/ME597_students/ros2_ws/install/movement/lib/python3.10/site-packages'
[23.181s] Level 1:colcon.colcon_core.shell:create_environment_hook('movement', 'pythonpath')
[23.361s] INFO:colcon.colcon_core.shell:Creating environment hook '/home/keenan/Documents/ME597_students/ros2_ws/install/movement/share/movement/hook/pythonpath.ps1'
[23.364s] INFO:colcon.colcon_core.shell:Creating environment descriptor '/home/keenan/Documents/ME597_students/ros2_ws/install/movement/share/movement/hook/pythonpath.dsv'
[23.367s] INFO:colcon.colcon_core.shell:Creating environment hook '/home/keenan/Documents/ME597_students/ros2_ws/install/movement/share/movement/hook/pythonpath.sh'
[23.371s] Level 1:colcon.colcon_core.environment:checking '/home/keenan/Documents/ME597_students/ros2_ws/install/movement/bin'
[23.371s] Level 1:colcon.colcon_core.environment:create_environment_scripts_only(movement)
[23.538s] INFO:colcon.colcon_core.shell:Creating package script '/home/keenan/Documents/ME597_students/ros2_ws/install/movement/share/movement/package.ps1'
[23.542s] INFO:colcon.colcon_core.shell:Creating package descriptor '/home/keenan/Documents/ME597_students/ros2_ws/install/movement/share/movement/package.dsv'
[23.546s] INFO:colcon.colcon_core.shell:Creating package script '/home/keenan/Documents/ME597_students/ros2_ws/install/movement/share/movement/package.sh'
[23.550s] INFO:colcon.colcon_core.shell:Creating package script '/home/keenan/Documents/ME597_students/ros2_ws/install/movement/share/movement/package.bash'
[23.556s] INFO:colcon.colcon_core.shell:Creating package script '/home/keenan/Documents/ME597_students/ros2_ws/install/movement/share/movement/package.zsh'
[23.561s] Level 1:colcon.colcon_core.environment:create_file_with_runtime_dependencies(/home/keenan/Documents/ME597_students/ros2_ws/install/movement/share/colcon-core/packages/movement)
[23.563s] DEBUG:colcon.colcon_parallel_executor.executor.parallel:closing loop
[23.565s] DEBUG:colcon.colcon_parallel_executor.executor.parallel:loop closed
[23.566s] DEBUG:colcon.colcon_parallel_executor.executor.parallel:run_until_complete finished with '0'
[23.567s] DEBUG:colcon.colcon_core.event_reactor:joining thread
[23.773s] INFO:colcon.colcon_core.plugin_system:Skipping extension 'colcon_notification.desktop_notification.terminal_notifier': Not used on non-Darwin systems
[23.773s] INFO:colcon.colcon_core.plugin_system:Skipping extension 'colcon_notification.desktop_notification.win32': Not used on non-Windows systems
[23.773s] INFO:colcon.colcon_notification.desktop_notification:Sending desktop notification using 'notify2'
[23.845s] DEBUG:colcon.colcon_core.event_reactor:joined thread
[24.028s] INFO:colcon.colcon_core.shell:Creating prefix script '/home/keenan/Documents/ME597_students/ros2_ws/install/local_setup.ps1'
[24.041s] INFO:colcon.colcon_core.shell:Creating prefix util module '/home/keenan/Documents/ME597_students/ros2_ws/install/_local_setup_util_ps1.py'
[24.052s] INFO:colcon.colcon_core.shell:Creating prefix chain script '/home/keenan/Documents/ME597_students/ros2_ws/install/setup.ps1'
[24.223s] INFO:colcon.colcon_core.shell:Creating prefix script '/home/keenan/Documents/ME597_students/ros2_ws/install/local_setup.sh'
[24.228s] INFO:colcon.colcon_core.shell:Creating prefix util module '/home/keenan/Documents/ME597_students/ros2_ws/install/_local_setup_util_sh.py'
[24.232s] INFO:colcon.colcon_core.shell:Creating prefix chain script '/home/keenan/Documents/ME597_students/ros2_ws/install/setup.sh'
[24.403s] INFO:colcon.colcon_core.shell:Creating prefix script '/home/keenan/Documents/ME597_students/ros2_ws/install/local_setup.bash'
[24.405s] INFO:colcon.colcon_core.shell:Creating prefix chain script '/home/keenan/Documents/ME597_students/ros2_ws/install/setup.bash'
[24.569s] INFO:colcon.colcon_core.shell:Creating prefix script '/home/keenan/Documents/ME597_students/ros2_ws/install/local_setup.zsh'
[24.572s] INFO:colcon.colcon_core.shell:Creating prefix chain script '/home/keenan/Documents/ME597_students/ros2_ws/install/setup.zsh'
