[1.365s] Invoking command in '/home/keenan/Documents/ME597_students/ros2_ws/src/movement': PYTHONPATH=/home/keenan/Documents/ME597_students/ros2_ws/build/movement/prefix_override:/home/keenan/Documents/ME597_students/ros2_ws/install/movement/lib/python3.10/site-packages:${PYTHONPATH} /usr/bin/python3 setup.py egg_info --egg-base ../../build/movement build --build-base /home/keenan/Documents/ME597_students/ros2_ws/build/movement/build install --record /home/keenan/Documents/ME597_students/ros2_ws/build/movement/install.log --single-version-externally-managed
[1.863s] running egg_info
[1.864s] writing ../../build/movement/movement.egg-info/PKG-INFO
[1.866s] writing dependency_links to ../../build/movement/movement.egg-info/dependency_links.txt
[1.866s] writing entry points to ../../build/movement/movement.egg-info/entry_points.txt
[1.866s] writing requirements to ../../build/movement/movement.egg-info/requires.txt
[1.866s] writing top-level names to ../../build/movement/movement.egg-info/top_level.txt
[1.869s] reading manifest file '../../build/movement/movement.egg-info/SOURCES.txt'
[1.870s] writing manifest file '../../build/movement/movement.egg-info/SOURCES.txt'
[1.871s] running build
[1.871s] running build_py
[1.871s] running install
[1.871s] running install_lib
[1.873s] running install_data
[1.874s] running install_egg_info
[1.876s] removing '/home/keenan/Documents/ME597_students/ros2_ws/install/movement/lib/python3.10/site-packages/movement-0.0.0-py3.10.egg-info' (and everything under it)
[1.877s] Copying ../../build/movement/movement.egg-info to /home/keenan/Documents/ME597_students/ros2_ws/install/movement/lib/python3.10/site-packages/movement-0.0.0-py3.10.egg-info
[1.878s] running install_scripts
[1.908s] Installing motions_exe script to /home/keenan/Documents/ME597_students/ros2_ws/install/movement/lib/movement
[1.909s] writing list of installed files to '/home/keenan/Documents/ME597_students/ros2_ws/build/movement/install.log'
[1.946s] Invoked command in '/home/keenan/Documents/ME597_students/ros2_ws/src/movement' returned '0': PYTHONPATH=/home/keenan/Documents/ME597_students/ros2_ws/build/movement/prefix_override:/home/keenan/Documents/ME597_students/ros2_ws/install/movement/lib/python3.10/site-packages:${PYTHONPATH} /usr/bin/python3 setup.py egg_info --egg-base ../../build/movement build --build-base /home/keenan/Documents/ME597_students/ros2_ws/build/movement/build install --record /home/keenan/Documents/ME597_students/ros2_ws/build/movement/install.log --single-version-externally-managed
