[1.060s] Invoking command in '/home/keenan/Documents/ME597_students/ros2_ws/src/turtlebot_bringup': PYTHONPATH=/home/keenan/Documents/ME597_students/ros2_ws/build/turtlebot_bringup/prefix_override:/home/keenan/Documents/ME597_students/ros2_ws/install/turtlebot_bringup/lib/python3.10/site-packages:${PYTHONPATH} /usr/bin/python3 setup.py egg_info --egg-base ../../build/turtlebot_bringup build --build-base /home/keenan/Documents/ME597_students/ros2_ws/build/turtlebot_bringup/build install --record /home/keenan/Documents/ME597_students/ros2_ws/build/turtlebot_bringup/install.log --single-version-externally-managed
[1.362s] running egg_info
[1.363s] writing ../../build/turtlebot_bringup/turtlebot_bringup.egg-info/PKG-INFO
[1.363s] writing dependency_links to ../../build/turtlebot_bringup/turtlebot_bringup.egg-info/dependency_links.txt
[1.363s] writing entry points to ../../build/turtlebot_bringup/turtlebot_bringup.egg-info/entry_points.txt
[1.364s] writing requirements to ../../build/turtlebot_bringup/turtlebot_bringup.egg-info/requires.txt
[1.364s] writing top-level names to ../../build/turtlebot_bringup/turtlebot_bringup.egg-info/top_level.txt
[1.368s] reading manifest file '../../build/turtlebot_bringup/turtlebot_bringup.egg-info/SOURCES.txt'
[1.369s] writing manifest file '../../build/turtlebot_bringup/turtlebot_bringup.egg-info/SOURCES.txt'
[1.369s] running build
[1.369s] running build_py
[1.369s] running install
[1.370s] running install_lib
[1.371s] running install_data
[1.371s] copying package.xml -> /home/keenan/Documents/ME597_students/ros2_ws/install/turtlebot_bringup/share/turtlebot_bringup
[1.372s] running install_egg_info
[1.373s] removing '/home/keenan/Documents/ME597_students/ros2_ws/install/turtlebot_bringup/lib/python3.10/site-packages/turtlebot_bringup-0.0.0-py3.10.egg-info' (and everything under it)
[1.374s] Copying ../../build/turtlebot_bringup/turtlebot_bringup.egg-info to /home/keenan/Documents/ME597_students/ros2_ws/install/turtlebot_bringup/lib/python3.10/site-packages/turtlebot_bringup-0.0.0-py3.10.egg-info
[1.375s] running install_scripts
[1.395s] writing list of installed files to '/home/keenan/Documents/ME597_students/ros2_ws/build/turtlebot_bringup/install.log'
[1.422s] Invoked command in '/home/keenan/Documents/ME597_students/ros2_ws/src/turtlebot_bringup' returned '0': PYTHONPATH=/home/keenan/Documents/ME597_students/ros2_ws/build/turtlebot_bringup/prefix_override:/home/keenan/Documents/ME597_students/ros2_ws/install/turtlebot_bringup/lib/python3.10/site-packages:${PYTHONPATH} /usr/bin/python3 setup.py egg_info --egg-base ../../build/turtlebot_bringup build --build-base /home/keenan/Documents/ME597_students/ros2_ws/build/turtlebot_bringup/build install --record /home/keenan/Documents/ME597_students/ros2_ws/build/turtlebot_bringup/install.log --single-version-externally-managed
