running egg_info
creating ../../build/turtlebot_bringup/turtlebot_bringup.egg-info
writing ../../build/turtlebot_bringup/turtlebot_bringup.egg-info/PKG-INFO
writing dependency_links to ../../build/turtlebot_bringup/turtlebot_bringup.egg-info/dependency_links.txt
writing entry points to ../../build/turtlebot_bringup/turtlebot_bringup.egg-info/entry_points.txt
writing requirements to ../../build/turtlebot_bringup/turtlebot_bringup.egg-info/requires.txt
writing top-level names to ../../build/turtlebot_bringup/turtlebot_bringup.egg-info/top_level.txt
writing manifest file '../../build/turtlebot_bringup/turtlebot_bringup.egg-info/SOURCES.txt'
reading manifest file '../../build/turtlebot_bringup/turtlebot_bringup.egg-info/SOURCES.txt'
writing manifest file '../../build/turtlebot_bringup/turtlebot_bringup.egg-info/SOURCES.txt'
running build
running build_py
creating /home/keenan/Documents/ME597_students/ros2_ws/build/turtlebot_bringup/build
creating /home/keenan/Documents/ME597_students/ros2_ws/build/turtlebot_bringup/build/lib
creating /home/keenan/Documents/ME597_students/ros2_ws/build/turtlebot_bringup/build/lib/turtlebot_bringup
copying turtlebot_bringup/__init__.py -> /home/keenan/Documents/ME597_students/ros2_ws/build/turtlebot_bringup/build/lib/turtlebot_bringup
running install
running install_lib
creating /home/keenan/Documents/ME597_students/ros2_ws/install/turtlebot_bringup/lib/python3.10/site-packages/turtlebot_bringup
copying /home/keenan/Documents/ME597_students/ros2_ws/build/turtlebot_bringup/build/lib/turtlebot_bringup/__init__.py -> /home/keenan/Documents/ME597_students/ros2_ws/install/turtlebot_bringup/lib/python3.10/site-packages/turtlebot_bringup
byte-compiling /home/keenan/Documents/ME597_students/ros2_ws/install/turtlebot_bringup/lib/python3.10/site-packages/turtlebot_bringup/__init__.py to __init__.cpython-310.pyc
running install_data
creating /home/keenan/Documents/ME597_students/ros2_ws/install/turtlebot_bringup/share/ament_index
creating /home/keenan/Documents/ME597_students/ros2_ws/install/turtlebot_bringup/share/ament_index/resource_index
creating /home/keenan/Documents/ME597_students/ros2_ws/install/turtlebot_bringup/share/ament_index/resource_index/packages
copying resource/turtlebot_bringup -> /home/keenan/Documents/ME597_students/ros2_ws/install/turtlebot_bringup/share/ament_index/resource_index/packages
copying package.xml -> /home/keenan/Documents/ME597_students/ros2_ws/install/turtlebot_bringup/share/turtlebot_bringup
running install_egg_info
Copying ../../build/turtlebot_bringup/turtlebot_bringup.egg-info to /home/keenan/Documents/ME597_students/ros2_ws/install/turtlebot_bringup/lib/python3.10/site-packages/turtlebot_bringup-0.0.0-py3.10.egg-info
running install_scripts
writing list of installed files to '/home/keenan/Documents/ME597_students/ros2_ws/build/turtlebot_bringup/install.log'
