[2.021s] Invoking command in '/home/keenan/Documents/ME597_students/ros2_ws/src/turtlebot_bringup': PYTHONPATH=/home/keenan/Documents/ME597_students/ros2_ws/build/turtlebot_bringup/prefix_override:/home/keenan/Documents/ME597_students/ros2_ws/install/turtlebot_bringup/lib/python3.10/site-packages:${PYTHONPATH} /usr/bin/python3 setup.py egg_info --egg-base ../../build/turtlebot_bringup build --build-base /home/keenan/Documents/ME597_students/ros2_ws/build/turtlebot_bringup/build install --record /home/keenan/Documents/ME597_students/ros2_ws/build/turtlebot_bringup/install.log --single-version-externally-managed
[2.449s] running egg_info
[2.449s] creating ../../build/turtlebot_bringup/turtlebot_bringup.egg-info
[2.450s] writing ../../build/turtlebot_bringup/turtlebot_bringup.egg-info/PKG-INFO
[2.450s] writing dependency_links to ../../build/turtlebot_bringup/turtlebot_bringup.egg-info/dependency_links.txt
[2.450s] writing entry points to ../../build/turtlebot_bringup/turtlebot_bringup.egg-info/entry_points.txt
[2.450s] writing requirements to ../../build/turtlebot_bringup/turtlebot_bringup.egg-info/requires.txt
[2.451s] writing top-level names to ../../build/turtlebot_bringup/turtlebot_bringup.egg-info/top_level.txt
[2.452s] writing manifest file '../../build/turtlebot_bringup/turtlebot_bringup.egg-info/SOURCES.txt'
[2.455s] reading manifest file '../../build/turtlebot_bringup/turtlebot_bringup.egg-info/SOURCES.txt'
[2.456s] writing manifest file '../../build/turtlebot_bringup/turtlebot_bringup.egg-info/SOURCES.txt'
[2.457s] running build
[2.457s] running build_py
[2.457s] creating /home/keenan/Documents/ME597_students/ros2_ws/build/turtlebot_bringup/build
[2.457s] creating /home/keenan/Documents/ME597_students/ros2_ws/build/turtlebot_bringup/build/lib
[2.457s] creating /home/keenan/Documents/ME597_students/ros2_ws/build/turtlebot_bringup/build/lib/turtlebot_bringup
[2.457s] copying turtlebot_bringup/__init__.py -> /home/keenan/Documents/ME597_students/ros2_ws/build/turtlebot_bringup/build/lib/turtlebot_bringup
[2.457s] running install
[2.458s] running install_lib
[2.460s] creating /home/keenan/Documents/ME597_students/ros2_ws/install/turtlebot_bringup/lib/python3.10/site-packages/turtlebot_bringup
[2.460s] copying /home/keenan/Documents/ME597_students/ros2_ws/build/turtlebot_bringup/build/lib/turtlebot_bringup/__init__.py -> /home/keenan/Documents/ME597_students/ros2_ws/install/turtlebot_bringup/lib/python3.10/site-packages/turtlebot_bringup
[2.460s] byte-compiling /home/keenan/Documents/ME597_students/ros2_ws/install/turtlebot_bringup/lib/python3.10/site-packages/turtlebot_bringup/__init__.py to __init__.cpython-310.pyc
[2.460s] running install_data
[2.461s] creating /home/keenan/Documents/ME597_students/ros2_ws/install/turtlebot_bringup/share/ament_index
[2.461s] creating /home/keenan/Documents/ME597_students/ros2_ws/install/turtlebot_bringup/share/ament_index/resource_index
[2.461s] creating /home/keenan/Documents/ME597_students/ros2_ws/install/turtlebot_bringup/share/ament_index/resource_index/packages
[2.462s] copying resource/turtlebot_bringup -> /home/keenan/Documents/ME597_students/ros2_ws/install/turtlebot_bringup/share/ament_index/resource_index/packages
[2.462s] copying package.xml -> /home/keenan/Documents/ME597_students/ros2_ws/install/turtlebot_bringup/share/turtlebot_bringup
[2.462s] running install_egg_info
[2.464s] Copying ../../build/turtlebot_bringup/turtlebot_bringup.egg-info to /home/keenan/Documents/ME597_students/ros2_ws/install/turtlebot_bringup/lib/python3.10/site-packages/turtlebot_bringup-0.0.0-py3.10.egg-info
[2.465s] running install_scripts
[2.485s] writing list of installed files to '/home/keenan/Documents/ME597_students/ros2_ws/build/turtlebot_bringup/install.log'
[2.511s] Invoked command in '/home/keenan/Documents/ME597_students/ros2_ws/src/turtlebot_bringup' returned '0': PYTHONPATH=/home/keenan/Documents/ME597_students/ros2_ws/build/turtlebot_bringup/prefix_override:/home/keenan/Documents/ME597_students/ros2_ws/install/turtlebot_bringup/lib/python3.10/site-packages:${PYTHONPATH} /usr/bin/python3 setup.py egg_info --egg-base ../../build/turtlebot_bringup build --build-base /home/keenan/Documents/ME597_students/ros2_ws/build/turtlebot_bringup/build install --record /home/keenan/Documents/ME597_students/ros2_ws/build/turtlebot_bringup/install.log --single-version-externally-managed
