[2.684s] Invoking command in '/home/keenan/Documents/ME597_students/ros2_ws/src/movement': PYTHONPATH=/home/keenan/Documents/ME597_students/ros2_ws/build/movement/prefix_override:/home/keenan/Documents/ME597_students/ros2_ws/install/movement/lib/python3.10/site-packages:${PYTHONPATH} /usr/bin/python3 setup.py egg_info --egg-base ../../build/movement build --build-base /home/keenan/Documents/ME597_students/ros2_ws/build/movement/build install --record /home/keenan/Documents/ME597_students/ros2_ws/build/movement/install.log --single-version-externally-managed
[3.435s] running egg_info
[3.437s] writing ../../build/movement/movement.egg-info/PKG-INFO
[3.438s] writing dependency_links to ../../build/movement/movement.egg-info/dependency_links.txt
[3.438s] writing entry points to ../../build/movement/movement.egg-info/entry_points.txt
[3.439s] writing requirements to ../../build/movement/movement.egg-info/requires.txt
[3.440s] writing top-level names to ../../build/movement/movement.egg-info/top_level.txt
[3.448s] reading manifest file '../../build/movement/movement.egg-info/SOURCES.txt'
[3.450s] writing manifest file '../../build/movement/movement.egg-info/SOURCES.txt'
[3.451s] running build
[3.452s] running build_py
[3.452s] running install
[3.454s] running install_lib
[3.460s] running install_data
[3.461s] running install_egg_info
[3.465s] removing '/home/keenan/Documents/ME597_students/ros2_ws/install/movement/lib/python3.10/site-packages/movement-0.0.0-py3.10.egg-info' (and everything under it)
[3.466s] Copying ../../build/movement/movement.egg-info to /home/keenan/Documents/ME597_students/ros2_ws/install/movement/lib/python3.10/site-packages/movement-0.0.0-py3.10.egg-info
[3.467s] running install_scripts
[3.513s] Installing motions_exe script to /home/keenan/Documents/ME597_students/ros2_ws/install/movement/lib/movement
[3.514s] writing list of installed files to '/home/keenan/Documents/ME597_students/ros2_ws/build/movement/install.log'
[3.577s] Invoked command in '/home/keenan/Documents/ME597_students/ros2_ws/src/movement' returned '0': PYTHONPATH=/home/keenan/Documents/ME597_students/ros2_ws/build/movement/prefix_override:/home/keenan/Documents/ME597_students/ros2_ws/install/movement/lib/python3.10/site-packages:${PYTHONPATH} /usr/bin/python3 setup.py egg_info --egg-base ../../build/movement build --build-base /home/keenan/Documents/ME597_students/ros2_ws/build/movement/build install --record /home/keenan/Documents/ME597_students/ros2_ws/build/movement/install.log --single-version-externally-managed
