[1.716s] DEBUG:colcon:Command line arguments: ['/usr/bin/colcon', 'build']
[1.716s] DEBUG:colcon:Parsed command line arguments: Namespace(log_base=None, log_level=None, verb_name='build', build_base='build', install_base='install', merge_install=False, symlink_install=False, test_result_base=None, continue_on_error=False, executor='parallel', parallel_workers=4, event_handlers=None, ignore_user_meta=False, metas=['./colcon.meta'], base_paths=['.'], packages_ignore=None, packages_ignore_regex=None, paths=None, packages_up_to=None, packages_up_to_regex=None, packages_above=None, packages_above_and_dependencies=None, packages_above_depth=None, packages_select_by_dep=None, packages_skip_by_dep=None, packages_skip_up_to=None, packages_select_build_failed=False, packages_skip_build_finished=False, packages_select_test_failures=False, packages_skip_test_passed=False, packages_select=None, packages_skip=None, packages_select_regex=None, packages_skip_regex=None, packages_start=None, packages_end=None, allow_overriding=[], cmake_args=None, cmake_target=None, cmake_target_skip_unavailable=False, cmake_clean_cache=False, cmake_clean_first=False, cmake_force_configure=False, ament_cmake_args=None, catkin_cmake_args=None, catkin_skip_building_tests=False, verb_parser=<colcon_defaults.argument_parser.defaults.DefaultArgumentsDecorator object at 0x7f7ccb5c8190>, verb_extension=<colcon_core.verb.build.BuildVerb object at 0x7f7ccb5f5630>, main=<bound method BuildVerb.main of <colcon_core.verb.build.BuildVerb object at 0x7f7ccb5f5630>>)
[1.792s] Level 1:colcon.colcon_core.package_discovery:discover_packages(colcon_meta) check parameters
[1.792s] Level 1:colcon.colcon_core.package_discovery:discover_packages(recursive) check parameters
[1.792s] Level 1:colcon.colcon_core.package_discovery:discover_packages(ignore) check parameters
[1.792s] Level 1:colcon.colcon_core.package_discovery:discover_packages(path) check parameters
[1.792s] Level 1:colcon.colcon_core.package_discovery:discover_packages(colcon_meta) discover
[1.793s] Level 1:colcon.colcon_core.package_discovery:discover_packages(recursive) discover
[1.793s] INFO:colcon.colcon_core.package_discovery:Crawling recursively for packages in '/home/keenan/Documents/ME597_students/ros2_ws'
[1.793s] Level 1:colcon.colcon_core.package_identification:_identify(.) by extensions ['ignore', 'ignore_ament_install']
[1.793s] Level 1:colcon.colcon_core.package_identification:_identify(.) by extension 'ignore'
[1.793s] Level 1:colcon.colcon_core.package_identification:_identify(.) by extension 'ignore_ament_install'
[1.793s] Level 1:colcon.colcon_core.package_identification:_identify(.) by extensions ['colcon_pkg']
[1.793s] Level 1:colcon.colcon_core.package_identification:_identify(.) by extension 'colcon_pkg'
[1.793s] Level 1:colcon.colcon_core.package_identification:_identify(.) by extensions ['colcon_meta']
[1.793s] Level 1:colcon.colcon_core.package_identification:_identify(.) by extension 'colcon_meta'
[1.793s] Level 1:colcon.colcon_core.package_identification:_identify(.) by extensions ['ros']
[1.793s] Level 1:colcon.colcon_core.package_identification:_identify(.) by extension 'ros'
[1.808s] Level 1:colcon.colcon_core.package_identification:_identify(.) by extensions ['cmake', 'python']
[1.808s] Level 1:colcon.colcon_core.package_identification:_identify(.) by extension 'cmake'
[1.808s] Level 1:colcon.colcon_core.package_identification:_identify(.) by extension 'python'
[1.808s] Level 1:colcon.colcon_core.package_identification:_identify(.) by extensions ['python_setup_py']
[1.808s] Level 1:colcon.colcon_core.package_identification:_identify(.) by extension 'python_setup_py'
[1.808s] Level 1:colcon.colcon_core.package_identification:_identify(build) by extensions ['ignore', 'ignore_ament_install']
[1.808s] Level 1:colcon.colcon_core.package_identification:_identify(build) by extension 'ignore'
[1.808s] Level 1:colcon.colcon_core.package_identification:_identify(build) ignored
[1.809s] Level 1:colcon.colcon_core.package_identification:_identify(install) by extensions ['ignore', 'ignore_ament_install']
[1.809s] Level 1:colcon.colcon_core.package_identification:_identify(install) by extension 'ignore'
[1.809s] Level 1:colcon.colcon_core.package_identification:_identify(install) ignored
[1.809s] Level 1:colcon.colcon_core.package_identification:_identify(log) by extensions ['ignore', 'ignore_ament_install']
[1.809s] Level 1:colcon.colcon_core.package_identification:_identify(log) by extension 'ignore'
[1.809s] Level 1:colcon.colcon_core.package_identification:_identify(log) ignored
[1.809s] Level 1:colcon.colcon_core.package_identification:_identify(src) by extensions ['ignore', 'ignore_ament_install']
[1.809s] Level 1:colcon.colcon_core.package_identification:_identify(src) by extension 'ignore'
[1.809s] Level 1:colcon.colcon_core.package_identification:_identify(src) by extension 'ignore_ament_install'
[1.809s] Level 1:colcon.colcon_core.package_identification:_identify(src) by extensions ['colcon_pkg']
[1.809s] Level 1:colcon.colcon_core.package_identification:_identify(src) by extension 'colcon_pkg'
[1.809s] Level 1:colcon.colcon_core.package_identification:_identify(src) by extensions ['colcon_meta']
[1.809s] Level 1:colcon.colcon_core.package_identification:_identify(src) by extension 'colcon_meta'
[1.810s] Level 1:colcon.colcon_core.package_identification:_identify(src) by extensions ['ros']
[1.810s] Level 1:colcon.colcon_core.package_identification:_identify(src) by extension 'ros'
[1.810s] Level 1:colcon.colcon_core.package_identification:_identify(src) by extensions ['cmake', 'python']
[1.810s] Level 1:colcon.colcon_core.package_identification:_identify(src) by extension 'cmake'
[1.810s] Level 1:colcon.colcon_core.package_identification:_identify(src) by extension 'python'
[1.810s] Level 1:colcon.colcon_core.package_identification:_identify(src) by extensions ['python_setup_py']
[1.810s] Level 1:colcon.colcon_core.package_identification:_identify(src) by extension 'python_setup_py'
[1.810s] Level 1:colcon.colcon_core.package_identification:_identify(src/launch) by extensions ['ignore', 'ignore_ament_install']
[1.810s] Level 1:colcon.colcon_core.package_identification:_identify(src/launch) by extension 'ignore'
[1.811s] Level 1:colcon.colcon_core.package_identification:_identify(src/launch) by extension 'ignore_ament_install'
[1.811s] Level 1:colcon.colcon_core.package_identification:_identify(src/launch) by extensions ['colcon_pkg']
[1.811s] Level 1:colcon.colcon_core.package_identification:_identify(src/launch) by extension 'colcon_pkg'
[1.811s] Level 1:colcon.colcon_core.package_identification:_identify(src/launch) by extensions ['colcon_meta']
[1.811s] Level 1:colcon.colcon_core.package_identification:_identify(src/launch) by extension 'colcon_meta'
[1.811s] Level 1:colcon.colcon_core.package_identification:_identify(src/launch) by extensions ['ros']
[1.811s] Level 1:colcon.colcon_core.package_identification:_identify(src/launch) by extension 'ros'
[1.811s] Level 1:colcon.colcon_core.package_identification:_identify(src/launch) by extensions ['cmake', 'python']
[1.811s] Level 1:colcon.colcon_core.package_identification:_identify(src/launch) by extension 'cmake'
[1.811s] Level 1:colcon.colcon_core.package_identification:_identify(src/launch) by extension 'python'
[1.811s] Level 1:colcon.colcon_core.package_identification:_identify(src/launch) by extensions ['python_setup_py']
[1.811s] Level 1:colcon.colcon_core.package_identification:_identify(src/launch) by extension 'python_setup_py'
[1.812s] Level 1:colcon.colcon_core.package_identification:_identify(src/launch/__pycache__) by extensions ['ignore', 'ignore_ament_install']
[1.812s] Level 1:colcon.colcon_core.package_identification:_identify(src/launch/__pycache__) by extension 'ignore'
[1.812s] Level 1:colcon.colcon_core.package_identification:_identify(src/launch/__pycache__) by extension 'ignore_ament_install'
[1.812s] Level 1:colcon.colcon_core.package_identification:_identify(src/launch/__pycache__) by extensions ['colcon_pkg']
[1.812s] Level 1:colcon.colcon_core.package_identification:_identify(src/launch/__pycache__) by extension 'colcon_pkg'
[1.812s] Level 1:colcon.colcon_core.package_identification:_identify(src/launch/__pycache__) by extensions ['colcon_meta']
[1.812s] Level 1:colcon.colcon_core.package_identification:_identify(src/launch/__pycache__) by extension 'colcon_meta'
[1.812s] Level 1:colcon.colcon_core.package_identification:_identify(src/launch/__pycache__) by extensions ['ros']
[1.812s] Level 1:colcon.colcon_core.package_identification:_identify(src/launch/__pycache__) by extension 'ros'
[1.812s] Level 1:colcon.colcon_core.package_identification:_identify(src/launch/__pycache__) by extensions ['cmake', 'python']
[1.813s] Level 1:colcon.colcon_core.package_identification:_identify(src/launch/__pycache__) by extension 'cmake'
[1.813s] Level 1:colcon.colcon_core.package_identification:_identify(src/launch/__pycache__) by extension 'python'
[1.813s] Level 1:colcon.colcon_core.package_identification:_identify(src/launch/__pycache__) by extensions ['python_setup_py']
[1.813s] Level 1:colcon.colcon_core.package_identification:_identify(src/launch/__pycache__) by extension 'python_setup_py'
[1.813s] Level 1:colcon.colcon_core.package_identification:_identify(src/movement) by extensions ['ignore', 'ignore_ament_install']
[1.813s] Level 1:colcon.colcon_core.package_identification:_identify(src/movement) by extension 'ignore'
[1.813s] Level 1:colcon.colcon_core.package_identification:_identify(src/movement) by extension 'ignore_ament_install'
[1.813s] Level 1:colcon.colcon_core.package_identification:_identify(src/movement) by extensions ['colcon_pkg']
[1.813s] Level 1:colcon.colcon_core.package_identification:_identify(src/movement) by extension 'colcon_pkg'
[1.814s] Level 1:colcon.colcon_core.package_identification:_identify(src/movement) by extensions ['colcon_meta']
[1.814s] Level 1:colcon.colcon_core.package_identification:_identify(src/movement) by extension 'colcon_meta'
[1.814s] Level 1:colcon.colcon_core.package_identification:_identify(src/movement) by extensions ['ros']
[1.814s] Level 1:colcon.colcon_core.package_identification:_identify(src/movement) by extension 'ros'
[1.817s] DEBUG:colcon.colcon_core.package_identification:Package 'src/movement' with type 'ros.ament_python' and name 'movement'
[1.817s] Level 1:colcon.colcon_core.package_discovery:discover_packages(recursive) using defaults
[1.818s] Level 1:colcon.colcon_core.package_discovery:discover_packages(ignore) discover
[1.818s] Level 1:colcon.colcon_core.package_discovery:discover_packages(ignore) using defaults
[1.818s] Level 1:colcon.colcon_core.package_discovery:discover_packages(path) discover
[1.818s] Level 1:colcon.colcon_core.package_discovery:discover_packages(path) using defaults
[1.979s] Level 1:colcon.colcon_core.package_discovery:discover_packages(prefix_path) check parameters
[1.979s] Level 1:colcon.colcon_core.package_discovery:discover_packages(prefix_path) discover
[2.033s] DEBUG:colcon.colcon_installed_package_information.package_discovery:Found 1 installed packages in /home/keenan/Documents/ME597_students/ros2_ws/install
[2.061s] DEBUG:colcon.colcon_installed_package_information.package_discovery:Found 392 installed packages in /opt/ros/humble
[2.064s] Level 1:colcon.colcon_core.package_discovery:discover_packages(prefix_path) using defaults
[2.248s] Level 5:colcon.colcon_core.verb:set package 'movement' build argument 'cmake_args' from command line to 'None'
[2.248s] Level 5:colcon.colcon_core.verb:set package 'movement' build argument 'cmake_target' from command line to 'None'
[2.248s] Level 5:colcon.colcon_core.verb:set package 'movement' build argument 'cmake_target_skip_unavailable' from command line to 'False'
[2.248s] Level 5:colcon.colcon_core.verb:set package 'movement' build argument 'cmake_clean_cache' from command line to 'False'
[2.248s] Level 5:colcon.colcon_core.verb:set package 'movement' build argument 'cmake_clean_first' from command line to 'False'
[2.248s] Level 5:colcon.colcon_core.verb:set package 'movement' build argument 'cmake_force_configure' from command line to 'False'
[2.248s] Level 5:colcon.colcon_core.verb:set package 'movement' build argument 'ament_cmake_args' from command line to 'None'
[2.248s] Level 5:colcon.colcon_core.verb:set package 'movement' build argument 'catkin_cmake_args' from command line to 'None'
[2.248s] Level 5:colcon.colcon_core.verb:set package 'movement' build argument 'catkin_skip_building_tests' from command line to 'False'
[2.248s] DEBUG:colcon.colcon_core.verb:Building package 'movement' with the following arguments: {'ament_cmake_args': None, 'build_base': '/home/keenan/Documents/ME597_students/ros2_ws/build/movement', 'catkin_cmake_args': None, 'catkin_skip_building_tests': False, 'cmake_args': None, 'cmake_clean_cache': False, 'cmake_clean_first': False, 'cmake_force_configure': False, 'cmake_target': None, 'cmake_target_skip_unavailable': False, 'install_base': '/home/keenan/Documents/ME597_students/ros2_ws/install/movement', 'merge_install': False, 'path': '/home/keenan/Documents/ME597_students/ros2_ws/src/movement', 'symlink_install': False, 'test_result_base': None}
[2.273s] INFO:colcon.colcon_core.executor:Executing jobs using 'parallel' executor
[2.300s] DEBUG:colcon.colcon_parallel_executor.executor.parallel:run_until_complete
[2.300s] INFO:colcon.colcon_ros.task.ament_python.build:Building ROS package in '/home/keenan/Documents/ME597_students/ros2_ws/src/movement' with build type 'ament_python'
[2.301s] Level 1:colcon.colcon_core.shell:create_environment_hook('movement', 'ament_prefix_path')
[2.364s] INFO:colcon.colcon_core.plugin_system:Skipping extension 'colcon_core.shell.bat': Not used on non-Windows systems
[2.365s] INFO:colcon.colcon_core.shell:Creating environment hook '/home/keenan/Documents/ME597_students/ros2_ws/install/movement/share/movement/hook/ament_prefix_path.ps1'
[2.367s] INFO:colcon.colcon_core.shell:Creating environment descriptor '/home/keenan/Documents/ME597_students/ros2_ws/install/movement/share/movement/hook/ament_prefix_path.dsv'
[2.368s] INFO:colcon.colcon_core.shell:Creating environment hook '/home/keenan/Documents/ME597_students/ros2_ws/install/movement/share/movement/hook/ament_prefix_path.sh'
[2.439s] INFO:colcon.colcon_core.shell:Skip shell extension 'powershell' for command environment: Not usable outside of PowerShell
[2.440s] DEBUG:colcon.colcon_core.shell:Skip shell extension 'dsv' for command environment
[2.988s] INFO:colcon.colcon_core.task.python.build:Building Python package in '/home/keenan/Documents/ME597_students/ros2_ws/src/movement'
[3.013s] INFO:colcon.colcon_core.shell:Skip shell extension 'powershell' for command environment: Not usable outside of PowerShell
[3.014s] DEBUG:colcon.colcon_core.shell:Skip shell extension 'dsv' for command environment
[3.791s] DEBUG:colcon.colcon_core.event_handler.log_command:Invoking command in '/home/keenan/Documents/ME597_students/ros2_ws/src/movement': PYTHONPATH=/home/keenan/Documents/ME597_students/ros2_ws/build/movement/prefix_override:/home/keenan/Documents/ME597_students/ros2_ws/install/movement/lib/python3.10/site-packages:${PYTHONPATH} /usr/bin/python3 setup.py egg_info --egg-base ../../build/movement build --build-base /home/keenan/Documents/ME597_students/ros2_ws/build/movement/build install --record /home/keenan/Documents/ME597_students/ros2_ws/build/movement/install.log --single-version-externally-managed
[4.270s] DEBUG:colcon.colcon_core.event_handler.log_command:Invoked command in '/home/keenan/Documents/ME597_students/ros2_ws/src/movement' returned '0': PYTHONPATH=/home/keenan/Documents/ME597_students/ros2_ws/build/movement/prefix_override:/home/keenan/Documents/ME597_students/ros2_ws/install/movement/lib/python3.10/site-packages:${PYTHONPATH} /usr/bin/python3 setup.py egg_info --egg-base ../../build/movement build --build-base /home/keenan/Documents/ME597_students/ros2_ws/build/movement/build install --record /home/keenan/Documents/ME597_students/ros2_ws/build/movement/install.log --single-version-externally-managed
[4.301s] Level 1:colcon.colcon_core.environment:checking '/home/keenan/Documents/ME597_students/ros2_ws/install/movement' for CMake module files
[4.302s] Level 1:colcon.colcon_core.environment:checking '/home/keenan/Documents/ME597_students/ros2_ws/install/movement' for CMake config files
[4.303s] Level 1:colcon.colcon_core.environment:checking '/home/keenan/Documents/ME597_students/ros2_ws/install/movement/lib'
[4.303s] Level 1:colcon.colcon_core.environment:checking '/home/keenan/Documents/ME597_students/ros2_ws/install/movement/bin'
[4.303s] Level 1:colcon.colcon_core.environment:checking '/home/keenan/Documents/ME597_students/ros2_ws/install/movement/lib/pkgconfig/movement.pc'
[4.303s] Level 1:colcon.colcon_core.environment:checking '/home/keenan/Documents/ME597_students/ros2_ws/install/movement/lib/python3.10/site-packages'
[4.303s] Level 1:colcon.colcon_core.shell:create_environment_hook('movement', 'pythonpath')
[4.330s] INFO:colcon.colcon_core.shell:Creating environment hook '/home/keenan/Documents/ME597_students/ros2_ws/install/movement/share/movement/hook/pythonpath.ps1'
[4.331s] INFO:colcon.colcon_core.shell:Creating environment descriptor '/home/keenan/Documents/ME597_students/ros2_ws/install/movement/share/movement/hook/pythonpath.dsv'
[4.331s] INFO:colcon.colcon_core.shell:Creating environment hook '/home/keenan/Documents/ME597_students/ros2_ws/install/movement/share/movement/hook/pythonpath.sh'
[4.332s] Level 1:colcon.colcon_core.environment:checking '/home/keenan/Documents/ME597_students/ros2_ws/install/movement/bin'
[4.332s] Level 1:colcon.colcon_core.environment:create_environment_scripts_only(movement)
[4.359s] INFO:colcon.colcon_core.shell:Creating package script '/home/keenan/Documents/ME597_students/ros2_ws/install/movement/share/movement/package.ps1'
[4.361s] INFO:colcon.colcon_core.shell:Creating package descriptor '/home/keenan/Documents/ME597_students/ros2_ws/install/movement/share/movement/package.dsv'
[4.362s] INFO:colcon.colcon_core.shell:Creating package script '/home/keenan/Documents/ME597_students/ros2_ws/install/movement/share/movement/package.sh'
[4.363s] INFO:colcon.colcon_core.shell:Creating package script '/home/keenan/Documents/ME597_students/ros2_ws/install/movement/share/movement/package.bash'
[4.364s] INFO:colcon.colcon_core.shell:Creating package script '/home/keenan/Documents/ME597_students/ros2_ws/install/movement/share/movement/package.zsh'
[4.364s] Level 1:colcon.colcon_core.environment:create_file_with_runtime_dependencies(/home/keenan/Documents/ME597_students/ros2_ws/install/movement/share/colcon-core/packages/movement)
[4.365s] DEBUG:colcon.colcon_parallel_executor.executor.parallel:closing loop
[4.365s] DEBUG:colcon.colcon_parallel_executor.executor.parallel:loop closed
[4.365s] DEBUG:colcon.colcon_parallel_executor.executor.parallel:run_until_complete finished with '0'
[4.366s] DEBUG:colcon.colcon_core.event_reactor:joining thread
[4.405s] INFO:colcon.colcon_core.plugin_system:Skipping extension 'colcon_notification.desktop_notification.terminal_notifier': Not used on non-Darwin systems
[4.405s] INFO:colcon.colcon_core.plugin_system:Skipping extension 'colcon_notification.desktop_notification.win32': Not used on non-Windows systems
[4.405s] INFO:colcon.colcon_notification.desktop_notification:Sending desktop notification using 'notify2'
[4.420s] DEBUG:colcon.colcon_core.event_reactor:joined thread
[4.448s] INFO:colcon.colcon_core.shell:Creating prefix script '/home/keenan/Documents/ME597_students/ros2_ws/install/local_setup.ps1'
[4.450s] INFO:colcon.colcon_core.shell:Creating prefix util module '/home/keenan/Documents/ME597_students/ros2_ws/install/_local_setup_util_ps1.py'
[4.452s] INFO:colcon.colcon_core.shell:Creating prefix chain script '/home/keenan/Documents/ME597_students/ros2_ws/install/setup.ps1'
[4.483s] INFO:colcon.colcon_core.shell:Creating prefix script '/home/keenan/Documents/ME597_students/ros2_ws/install/local_setup.sh'
[4.484s] INFO:colcon.colcon_core.shell:Creating prefix util module '/home/keenan/Documents/ME597_students/ros2_ws/install/_local_setup_util_sh.py'
[4.485s] INFO:colcon.colcon_core.shell:Creating prefix chain script '/home/keenan/Documents/ME597_students/ros2_ws/install/setup.sh'
[4.511s] INFO:colcon.colcon_core.shell:Creating prefix script '/home/keenan/Documents/ME597_students/ros2_ws/install/local_setup.bash'
[4.512s] INFO:colcon.colcon_core.shell:Creating prefix chain script '/home/keenan/Documents/ME597_students/ros2_ws/install/setup.bash'
[4.541s] INFO:colcon.colcon_core.shell:Creating prefix script '/home/keenan/Documents/ME597_students/ros2_ws/install/local_setup.zsh'
[4.542s] INFO:colcon.colcon_core.shell:Creating prefix chain script '/home/keenan/Documents/ME597_students/ros2_ws/install/setup.zsh'
