[1.789s] DEBUG:colcon:Command line arguments: ['/usr/bin/colcon', 'build']
[1.789s] DEBUG:colcon:Parsed command line arguments: Namespace(log_base=None, log_level=None, verb_name='build', build_base='build', install_base='install', merge_install=False, symlink_install=False, test_result_base=None, continue_on_error=False, executor='parallel', parallel_workers=4, event_handlers=None, ignore_user_meta=False, metas=['./colcon.meta'], base_paths=['.'], packages_ignore=None, packages_ignore_regex=None, paths=None, packages_up_to=None, packages_up_to_regex=None, packages_above=None, packages_above_and_dependencies=None, packages_above_depth=None, packages_select_by_dep=None, packages_skip_by_dep=None, packages_skip_up_to=None, packages_select_build_failed=False, packages_skip_build_finished=False, packages_select_test_failures=False, packages_skip_test_passed=False, packages_select=None, packages_skip=None, packages_select_regex=None, packages_skip_regex=None, packages_start=None, packages_end=None, allow_overriding=[], cmake_args=None, cmake_target=None, cmake_target_skip_unavailable=False, cmake_clean_cache=False, cmake_clean_first=False, cmake_force_configure=False, ament_cmake_args=None, catkin_cmake_args=None, catkin_skip_building_tests=False, verb_parser=<colcon_defaults.argument_parser.defaults.DefaultArgumentsDecorator object at 0x7f05f2ab4400>, verb_extension=<colcon_core.verb.build.BuildVerb object at 0x7f05f2ae1810>, main=<bound method BuildVerb.main of <colcon_core.verb.build.BuildVerb object at 0x7f05f2ae1810>>)
[1.861s] Level 1:colcon.colcon_core.package_discovery:discover_packages(colcon_meta) check parameters
[1.861s] Level 1:colcon.colcon_core.package_discovery:discover_packages(recursive) check parameters
[1.861s] Level 1:colcon.colcon_core.package_discovery:discover_packages(ignore) check parameters
[1.861s] Level 1:colcon.colcon_core.package_discovery:discover_packages(path) check parameters
[1.861s] Level 1:colcon.colcon_core.package_discovery:discover_packages(colcon_meta) discover
[1.861s] Level 1:colcon.colcon_core.package_discovery:discover_packages(recursive) discover
[1.861s] INFO:colcon.colcon_core.package_discovery:Crawling recursively for packages in '/home/keenan/Documents/ME597_students/ros2_ws'
[1.861s] Level 1:colcon.colcon_core.package_identification:_identify(.) by extensions ['ignore', 'ignore_ament_install']
[1.861s] Level 1:colcon.colcon_core.package_identification:_identify(.) by extension 'ignore'
[1.861s] Level 1:colcon.colcon_core.package_identification:_identify(.) by extension 'ignore_ament_install'
[1.862s] Level 1:colcon.colcon_core.package_identification:_identify(.) by extensions ['colcon_pkg']
[1.862s] Level 1:colcon.colcon_core.package_identification:_identify(.) by extension 'colcon_pkg'
[1.862s] Level 1:colcon.colcon_core.package_identification:_identify(.) by extensions ['colcon_meta']
[1.862s] Level 1:colcon.colcon_core.package_identification:_identify(.) by extension 'colcon_meta'
[1.862s] Level 1:colcon.colcon_core.package_identification:_identify(.) by extensions ['ros']
[1.862s] Level 1:colcon.colcon_core.package_identification:_identify(.) by extension 'ros'
[1.884s] Level 1:colcon.colcon_core.package_identification:_identify(.) by extensions ['cmake', 'python']
[1.884s] Level 1:colcon.colcon_core.package_identification:_identify(.) by extension 'cmake'
[1.884s] Level 1:colcon.colcon_core.package_identification:_identify(.) by extension 'python'
[1.884s] Level 1:colcon.colcon_core.package_identification:_identify(.) by extensions ['python_setup_py']
[1.884s] Level 1:colcon.colcon_core.package_identification:_identify(.) by extension 'python_setup_py'
[1.884s] Level 1:colcon.colcon_core.package_identification:_identify(build) by extensions ['ignore', 'ignore_ament_install']
[1.884s] Level 1:colcon.colcon_core.package_identification:_identify(build) by extension 'ignore'
[1.884s] Level 1:colcon.colcon_core.package_identification:_identify(build) ignored
[1.885s] Level 1:colcon.colcon_core.package_identification:_identify(install) by extensions ['ignore', 'ignore_ament_install']
[1.885s] Level 1:colcon.colcon_core.package_identification:_identify(install) by extension 'ignore'
[1.885s] Level 1:colcon.colcon_core.package_identification:_identify(install) ignored
[1.885s] Level 1:colcon.colcon_core.package_identification:_identify(log) by extensions ['ignore', 'ignore_ament_install']
[1.885s] Level 1:colcon.colcon_core.package_identification:_identify(log) by extension 'ignore'
[1.885s] Level 1:colcon.colcon_core.package_identification:_identify(log) ignored
[1.885s] Level 1:colcon.colcon_core.package_identification:_identify(src) by extensions ['ignore', 'ignore_ament_install']
[1.886s] Level 1:colcon.colcon_core.package_identification:_identify(src) by extension 'ignore'
[1.886s] Level 1:colcon.colcon_core.package_identification:_identify(src) by extension 'ignore_ament_install'
[1.886s] Level 1:colcon.colcon_core.package_identification:_identify(src) by extensions ['colcon_pkg']
[1.886s] Level 1:colcon.colcon_core.package_identification:_identify(src) by extension 'colcon_pkg'
[1.886s] Level 1:colcon.colcon_core.package_identification:_identify(src) by extensions ['colcon_meta']
[1.886s] Level 1:colcon.colcon_core.package_identification:_identify(src) by extension 'colcon_meta'
[1.886s] Level 1:colcon.colcon_core.package_identification:_identify(src) by extensions ['ros']
[1.886s] Level 1:colcon.colcon_core.package_identification:_identify(src) by extension 'ros'
[1.886s] Level 1:colcon.colcon_core.package_identification:_identify(src) by extensions ['cmake', 'python']
[1.886s] Level 1:colcon.colcon_core.package_identification:_identify(src) by extension 'cmake'
[1.886s] Level 1:colcon.colcon_core.package_identification:_identify(src) by extension 'python'
[1.886s] Level 1:colcon.colcon_core.package_identification:_identify(src) by extensions ['python_setup_py']
[1.886s] Level 1:colcon.colcon_core.package_identification:_identify(src) by extension 'python_setup_py'
[1.887s] Level 1:colcon.colcon_core.package_identification:_identify(src/launch) by extensions ['ignore', 'ignore_ament_install']
[1.887s] Level 1:colcon.colcon_core.package_identification:_identify(src/launch) by extension 'ignore'
[1.887s] Level 1:colcon.colcon_core.package_identification:_identify(src/launch) by extension 'ignore_ament_install'
[1.887s] Level 1:colcon.colcon_core.package_identification:_identify(src/launch) by extensions ['colcon_pkg']
[1.887s] Level 1:colcon.colcon_core.package_identification:_identify(src/launch) by extension 'colcon_pkg'
[1.887s] Level 1:colcon.colcon_core.package_identification:_identify(src/launch) by extensions ['colcon_meta']
[1.887s] Level 1:colcon.colcon_core.package_identification:_identify(src/launch) by extension 'colcon_meta'
[1.887s] Level 1:colcon.colcon_core.package_identification:_identify(src/launch) by extensions ['ros']
[1.887s] Level 1:colcon.colcon_core.package_identification:_identify(src/launch) by extension 'ros'
[1.887s] Level 1:colcon.colcon_core.package_identification:_identify(src/launch) by extensions ['cmake', 'python']
[1.887s] Level 1:colcon.colcon_core.package_identification:_identify(src/launch) by extension 'cmake'
[1.887s] Level 1:colcon.colcon_core.package_identification:_identify(src/launch) by extension 'python'
[1.888s] Level 1:colcon.colcon_core.package_identification:_identify(src/launch) by extensions ['python_setup_py']
[1.888s] Level 1:colcon.colcon_core.package_identification:_identify(src/launch) by extension 'python_setup_py'
[1.888s] Level 1:colcon.colcon_core.package_identification:_identify(src/launch/__pycache__) by extensions ['ignore', 'ignore_ament_install']
[1.888s] Level 1:colcon.colcon_core.package_identification:_identify(src/launch/__pycache__) by extension 'ignore'
[1.888s] Level 1:colcon.colcon_core.package_identification:_identify(src/launch/__pycache__) by extension 'ignore_ament_install'
[1.888s] Level 1:colcon.colcon_core.package_identification:_identify(src/launch/__pycache__) by extensions ['colcon_pkg']
[1.888s] Level 1:colcon.colcon_core.package_identification:_identify(src/launch/__pycache__) by extension 'colcon_pkg'
[1.888s] Level 1:colcon.colcon_core.package_identification:_identify(src/launch/__pycache__) by extensions ['colcon_meta']
[1.888s] Level 1:colcon.colcon_core.package_identification:_identify(src/launch/__pycache__) by extension 'colcon_meta'
[1.888s] Level 1:colcon.colcon_core.package_identification:_identify(src/launch/__pycache__) by extensions ['ros']
[1.888s] Level 1:colcon.colcon_core.package_identification:_identify(src/launch/__pycache__) by extension 'ros'
[1.889s] Level 1:colcon.colcon_core.package_identification:_identify(src/launch/__pycache__) by extensions ['cmake', 'python']
[1.889s] Level 1:colcon.colcon_core.package_identification:_identify(src/launch/__pycache__) by extension 'cmake'
[1.889s] Level 1:colcon.colcon_core.package_identification:_identify(src/launch/__pycache__) by extension 'python'
[1.889s] Level 1:colcon.colcon_core.package_identification:_identify(src/launch/__pycache__) by extensions ['python_setup_py']
[1.889s] Level 1:colcon.colcon_core.package_identification:_identify(src/launch/__pycache__) by extension 'python_setup_py'
[1.889s] Level 1:colcon.colcon_core.package_identification:_identify(src/movement) by extensions ['ignore', 'ignore_ament_install']
[1.889s] Level 1:colcon.colcon_core.package_identification:_identify(src/movement) by extension 'ignore'
[1.889s] Level 1:colcon.colcon_core.package_identification:_identify(src/movement) by extension 'ignore_ament_install'
[1.889s] Level 1:colcon.colcon_core.package_identification:_identify(src/movement) by extensions ['colcon_pkg']
[1.889s] Level 1:colcon.colcon_core.package_identification:_identify(src/movement) by extension 'colcon_pkg'
[1.889s] Level 1:colcon.colcon_core.package_identification:_identify(src/movement) by extensions ['colcon_meta']
[1.889s] Level 1:colcon.colcon_core.package_identification:_identify(src/movement) by extension 'colcon_meta'
[1.889s] Level 1:colcon.colcon_core.package_identification:_identify(src/movement) by extensions ['ros']
[1.890s] Level 1:colcon.colcon_core.package_identification:_identify(src/movement) by extension 'ros'
[1.893s] DEBUG:colcon.colcon_core.package_identification:Package 'src/movement' with type 'ros.ament_python' and name 'movement'
[1.893s] Level 1:colcon.colcon_core.package_discovery:discover_packages(recursive) using defaults
[1.893s] Level 1:colcon.colcon_core.package_discovery:discover_packages(ignore) discover
[1.893s] Level 1:colcon.colcon_core.package_discovery:discover_packages(ignore) using defaults
[1.893s] Level 1:colcon.colcon_core.package_discovery:discover_packages(path) discover
[1.893s] Level 1:colcon.colcon_core.package_discovery:discover_packages(path) using defaults
[2.053s] Level 1:colcon.colcon_core.package_discovery:discover_packages(prefix_path) check parameters
[2.053s] Level 1:colcon.colcon_core.package_discovery:discover_packages(prefix_path) discover
[2.106s] DEBUG:colcon.colcon_installed_package_information.package_discovery:Found 1 installed packages in /home/keenan/Documents/ME597_students/ros2_ws/install
[2.136s] DEBUG:colcon.colcon_installed_package_information.package_discovery:Found 392 installed packages in /opt/ros/humble
[2.138s] Level 1:colcon.colcon_core.package_discovery:discover_packages(prefix_path) using defaults
[2.298s] Level 5:colcon.colcon_core.verb:set package 'movement' build argument 'cmake_args' from command line to 'None'
[2.298s] Level 5:colcon.colcon_core.verb:set package 'movement' build argument 'cmake_target' from command line to 'None'
[2.298s] Level 5:colcon.colcon_core.verb:set package 'movement' build argument 'cmake_target_skip_unavailable' from command line to 'False'
[2.298s] Level 5:colcon.colcon_core.verb:set package 'movement' build argument 'cmake_clean_cache' from command line to 'False'
[2.298s] Level 5:colcon.colcon_core.verb:set package 'movement' build argument 'cmake_clean_first' from command line to 'False'
[2.298s] Level 5:colcon.colcon_core.verb:set package 'movement' build argument 'cmake_force_configure' from command line to 'False'
[2.298s] Level 5:colcon.colcon_core.verb:set package 'movement' build argument 'ament_cmake_args' from command line to 'None'
[2.299s] Level 5:colcon.colcon_core.verb:set package 'movement' build argument 'catkin_cmake_args' from command line to 'None'
[2.299s] Level 5:colcon.colcon_core.verb:set package 'movement' build argument 'catkin_skip_building_tests' from command line to 'False'
[2.299s] DEBUG:colcon.colcon_core.verb:Building package 'movement' with the following arguments: {'ament_cmake_args': None, 'build_base': '/home/keenan/Documents/ME597_students/ros2_ws/build/movement', 'catkin_cmake_args': None, 'catkin_skip_building_tests': False, 'cmake_args': None, 'cmake_clean_cache': False, 'cmake_clean_first': False, 'cmake_force_configure': False, 'cmake_target': None, 'cmake_target_skip_unavailable': False, 'install_base': '/home/keenan/Documents/ME597_students/ros2_ws/install/movement', 'merge_install': False, 'path': '/home/keenan/Documents/ME597_students/ros2_ws/src/movement', 'symlink_install': False, 'test_result_base': None}
[2.324s] INFO:colcon.colcon_core.executor:Executing jobs using 'parallel' executor
[2.351s] DEBUG:colcon.colcon_parallel_executor.executor.parallel:run_until_complete
[2.351s] INFO:colcon.colcon_ros.task.ament_python.build:Building ROS package in '/home/keenan/Documents/ME597_students/ros2_ws/src/movement' with build type 'ament_python'
[2.351s] Level 1:colcon.colcon_core.shell:create_environment_hook('movement', 'ament_prefix_path')
[2.399s] INFO:colcon.colcon_core.plugin_system:Skipping extension 'colcon_core.shell.bat': Not used on non-Windows systems
[2.399s] INFO:colcon.colcon_core.shell:Creating environment hook '/home/keenan/Documents/ME597_students/ros2_ws/install/movement/share/movement/hook/ament_prefix_path.ps1'
[2.401s] INFO:colcon.colcon_core.shell:Creating environment descriptor '/home/keenan/Documents/ME597_students/ros2_ws/install/movement/share/movement/hook/ament_prefix_path.dsv'
[2.401s] INFO:colcon.colcon_core.shell:Creating environment hook '/home/keenan/Documents/ME597_students/ros2_ws/install/movement/share/movement/hook/ament_prefix_path.sh'
[2.443s] INFO:colcon.colcon_core.shell:Skip shell extension 'powershell' for command environment: Not usable outside of PowerShell
[2.443s] DEBUG:colcon.colcon_core.shell:Skip shell extension 'dsv' for command environment
[2.972s] INFO:colcon.colcon_core.task.python.build:Building Python package in '/home/keenan/Documents/ME597_students/ros2_ws/src/movement'
[3.003s] INFO:colcon.colcon_core.shell:Skip shell extension 'powershell' for command environment: Not usable outside of PowerShell
[3.004s] DEBUG:colcon.colcon_core.shell:Skip shell extension 'dsv' for command environment
[3.846s] DEBUG:colcon.colcon_core.event_handler.log_command:Invoking command in '/home/keenan/Documents/ME597_students/ros2_ws/src/movement': PYTHONPATH=/home/keenan/Documents/ME597_students/ros2_ws/build/movement/prefix_override:/home/keenan/Documents/ME597_students/ros2_ws/install/movement/lib/python3.10/site-packages:${PYTHONPATH} /usr/bin/python3 setup.py egg_info --egg-base ../../build/movement build --build-base /home/keenan/Documents/ME597_students/ros2_ws/build/movement/build install --record /home/keenan/Documents/ME597_students/ros2_ws/build/movement/install.log --single-version-externally-managed
[4.369s] DEBUG:colcon.colcon_core.event_handler.log_command:Invoked command in '/home/keenan/Documents/ME597_students/ros2_ws/src/movement' returned '0': PYTHONPATH=/home/keenan/Documents/ME597_students/ros2_ws/build/movement/prefix_override:/home/keenan/Documents/ME597_students/ros2_ws/install/movement/lib/python3.10/site-packages:${PYTHONPATH} /usr/bin/python3 setup.py egg_info --egg-base ../../build/movement build --build-base /home/keenan/Documents/ME597_students/ros2_ws/build/movement/build install --record /home/keenan/Documents/ME597_students/ros2_ws/build/movement/install.log --single-version-externally-managed
[4.404s] Level 1:colcon.colcon_core.environment:checking '/home/keenan/Documents/ME597_students/ros2_ws/install/movement' for CMake module files
[4.405s] Level 1:colcon.colcon_core.environment:checking '/home/keenan/Documents/ME597_students/ros2_ws/install/movement' for CMake config files
[4.406s] Level 1:colcon.colcon_core.environment:checking '/home/keenan/Documents/ME597_students/ros2_ws/install/movement/lib'
[4.406s] Level 1:colcon.colcon_core.environment:checking '/home/keenan/Documents/ME597_students/ros2_ws/install/movement/bin'
[4.406s] Level 1:colcon.colcon_core.environment:checking '/home/keenan/Documents/ME597_students/ros2_ws/install/movement/lib/pkgconfig/movement.pc'
[4.407s] Level 1:colcon.colcon_core.environment:checking '/home/keenan/Documents/ME597_students/ros2_ws/install/movement/lib/python3.10/site-packages'
[4.407s] Level 1:colcon.colcon_core.shell:create_environment_hook('movement', 'pythonpath')
[4.439s] INFO:colcon.colcon_core.shell:Creating environment hook '/home/keenan/Documents/ME597_students/ros2_ws/install/movement/share/movement/hook/pythonpath.ps1'
[4.440s] INFO:colcon.colcon_core.shell:Creating environment descriptor '/home/keenan/Documents/ME597_students/ros2_ws/install/movement/share/movement/hook/pythonpath.dsv'
[4.441s] INFO:colcon.colcon_core.shell:Creating environment hook '/home/keenan/Documents/ME597_students/ros2_ws/install/movement/share/movement/hook/pythonpath.sh'
[4.442s] Level 1:colcon.colcon_core.environment:checking '/home/keenan/Documents/ME597_students/ros2_ws/install/movement/bin'
[4.442s] Level 1:colcon.colcon_core.environment:create_environment_scripts_only(movement)
[4.471s] INFO:colcon.colcon_core.shell:Creating package script '/home/keenan/Documents/ME597_students/ros2_ws/install/movement/share/movement/package.ps1'
[4.472s] INFO:colcon.colcon_core.shell:Creating package descriptor '/home/keenan/Documents/ME597_students/ros2_ws/install/movement/share/movement/package.dsv'
[4.473s] INFO:colcon.colcon_core.shell:Creating package script '/home/keenan/Documents/ME597_students/ros2_ws/install/movement/share/movement/package.sh'
[4.474s] INFO:colcon.colcon_core.shell:Creating package script '/home/keenan/Documents/ME597_students/ros2_ws/install/movement/share/movement/package.bash'
[4.475s] INFO:colcon.colcon_core.shell:Creating package script '/home/keenan/Documents/ME597_students/ros2_ws/install/movement/share/movement/package.zsh'
[4.476s] Level 1:colcon.colcon_core.environment:create_file_with_runtime_dependencies(/home/keenan/Documents/ME597_students/ros2_ws/install/movement/share/colcon-core/packages/movement)
[4.476s] DEBUG:colcon.colcon_parallel_executor.executor.parallel:closing loop
[4.476s] DEBUG:colcon.colcon_parallel_executor.executor.parallel:loop closed
[4.477s] DEBUG:colcon.colcon_parallel_executor.executor.parallel:run_until_complete finished with '0'
[4.477s] DEBUG:colcon.colcon_core.event_reactor:joining thread
[4.516s] INFO:colcon.colcon_core.plugin_system:Skipping extension 'colcon_notification.desktop_notification.terminal_notifier': Not used on non-Darwin systems
[4.517s] INFO:colcon.colcon_core.plugin_system:Skipping extension 'colcon_notification.desktop_notification.win32': Not used on non-Windows systems
[4.517s] INFO:colcon.colcon_notification.desktop_notification:Sending desktop notification using 'notify2'
[4.531s] DEBUG:colcon.colcon_core.event_reactor:joined thread
[4.564s] INFO:colcon.colcon_core.shell:Creating prefix script '/home/keenan/Documents/ME597_students/ros2_ws/install/local_setup.ps1'
[4.565s] INFO:colcon.colcon_core.shell:Creating prefix util module '/home/keenan/Documents/ME597_students/ros2_ws/install/_local_setup_util_ps1.py'
[4.567s] INFO:colcon.colcon_core.shell:Creating prefix chain script '/home/keenan/Documents/ME597_students/ros2_ws/install/setup.ps1'
[4.598s] INFO:colcon.colcon_core.shell:Creating prefix script '/home/keenan/Documents/ME597_students/ros2_ws/install/local_setup.sh'
[4.599s] INFO:colcon.colcon_core.shell:Creating prefix util module '/home/keenan/Documents/ME597_students/ros2_ws/install/_local_setup_util_sh.py'
[4.600s] INFO:colcon.colcon_core.shell:Creating prefix chain script '/home/keenan/Documents/ME597_students/ros2_ws/install/setup.sh'
[4.631s] INFO:colcon.colcon_core.shell:Creating prefix script '/home/keenan/Documents/ME597_students/ros2_ws/install/local_setup.bash'
[4.632s] INFO:colcon.colcon_core.shell:Creating prefix chain script '/home/keenan/Documents/ME597_students/ros2_ws/install/setup.bash'
[4.660s] INFO:colcon.colcon_core.shell:Creating prefix script '/home/keenan/Documents/ME597_students/ros2_ws/install/local_setup.zsh'
[4.661s] INFO:colcon.colcon_core.shell:Creating prefix chain script '/home/keenan/Documents/ME597_students/ros2_ws/install/setup.zsh'
