[1.975s] Invoking command in '/home/keenan/Documents/ME597_students/ros2_ws/src/movement': PYTHONPATH=/home/keenan/Documents/ME597_students/ros2_ws/build/movement/prefix_override:/home/keenan/Documents/ME597_students/ros2_ws/install/movement/lib/python3.10/site-packages:${PYTHONPATH} /usr/bin/python3 setup.py egg_info --egg-base ../../build/movement build --build-base /home/keenan/Documents/ME597_students/ros2_ws/build/movement/build install --record /home/keenan/Documents/ME597_students/ros2_ws/build/movement/install.log --single-version-externally-managed
[2.286s] running egg_info
[2.287s] creating ../../build/movement/movement.egg-info
[2.287s] writing ../../build/movement/movement.egg-info/PKG-INFO
[2.288s] writing dependency_links to ../../build/movement/movement.egg-info/dependency_links.txt
[2.288s] writing entry points to ../../build/movement/movement.egg-info/entry_points.txt
[2.289s] writing requirements to ../../build/movement/movement.egg-info/requires.txt
[2.289s] writing top-level names to ../../build/movement/movement.egg-info/top_level.txt
[2.290s] writing manifest file '../../build/movement/movement.egg-info/SOURCES.txt'
[2.291s] reading manifest file '../../build/movement/movement.egg-info/SOURCES.txt'
[2.292s] writing manifest file '../../build/movement/movement.egg-info/SOURCES.txt'
[2.292s] running build
[2.292s] running build_py
[2.293s] creating /home/keenan/Documents/ME597_students/ros2_ws/build/movement/build
[2.293s] creating /home/keenan/Documents/ME597_students/ros2_ws/build/movement/build/lib
[2.293s] creating /home/keenan/Documents/ME597_students/ros2_ws/build/movement/build/lib/movement
[2.293s] copying movement/__init__.py -> /home/keenan/Documents/ME597_students/ros2_ws/build/movement/build/lib/movement
[2.293s] running install
[2.293s] running install_lib
[2.294s] creating /home/keenan/Documents/ME597_students/ros2_ws/install/movement/lib/python3.10/site-packages/movement
[2.294s] copying /home/keenan/Documents/ME597_students/ros2_ws/build/movement/build/lib/movement/__init__.py -> /home/keenan/Documents/ME597_students/ros2_ws/install/movement/lib/python3.10/site-packages/movement
[2.295s] byte-compiling /home/keenan/Documents/ME597_students/ros2_ws/install/movement/lib/python3.10/site-packages/movement/__init__.py to __init__.cpython-310.pyc
[2.295s] running install_data
[2.296s] creating /home/keenan/Documents/ME597_students/ros2_ws/install/movement/share/ament_index
[2.296s] creating /home/keenan/Documents/ME597_students/ros2_ws/install/movement/share/ament_index/resource_index
[2.296s] creating /home/keenan/Documents/ME597_students/ros2_ws/install/movement/share/ament_index/resource_index/packages
[2.296s] copying resource/movement -> /home/keenan/Documents/ME597_students/ros2_ws/install/movement/share/ament_index/resource_index/packages
[2.296s] copying package.xml -> /home/keenan/Documents/ME597_students/ros2_ws/install/movement/share/movement
[2.296s] running install_egg_info
[2.298s] Copying ../../build/movement/movement.egg-info to /home/keenan/Documents/ME597_students/ros2_ws/install/movement/lib/python3.10/site-packages/movement-0.0.0-py3.10.egg-info
[2.299s] running install_scripts
[2.319s] writing list of installed files to '/home/keenan/Documents/ME597_students/ros2_ws/build/movement/install.log'
[2.344s] Invoked command in '/home/keenan/Documents/ME597_students/ros2_ws/src/movement' returned '0': PYTHONPATH=/home/keenan/Documents/ME597_students/ros2_ws/build/movement/prefix_override:/home/keenan/Documents/ME597_students/ros2_ws/install/movement/lib/python3.10/site-packages:${PYTHONPATH} /usr/bin/python3 setup.py egg_info --egg-base ../../build/movement build --build-base /home/keenan/Documents/ME597_students/ros2_ws/build/movement/build install --record /home/keenan/Documents/ME597_students/ros2_ws/build/movement/install.log --single-version-externally-managed
