[7.910s] DEBUG:colcon:Command line arguments: ['/usr/bin/colcon', 'build']
[7.911s] DEBUG:colcon:Parsed command line arguments: Namespace(log_base=None, log_level=None, verb_name='build', build_base='build', install_base='install', merge_install=False, symlink_install=False, test_result_base=None, continue_on_error=False, executor='parallel', parallel_workers=4, event_handlers=None, ignore_user_meta=False, metas=['./colcon.meta'], base_paths=['.'], packages_ignore=None, packages_ignore_regex=None, paths=None, packages_up_to=None, packages_up_to_regex=None, packages_above=None, packages_above_and_dependencies=None, packages_above_depth=None, packages_select_by_dep=None, packages_skip_by_dep=None, packages_skip_up_to=None, packages_select_build_failed=False, packages_skip_build_finished=False, packages_select_test_failures=False, packages_skip_test_passed=False, packages_select=None, packages_skip=None, packages_select_regex=None, packages_skip_regex=None, packages_start=None, packages_end=None, allow_overriding=[], cmake_args=None, cmake_target=None, cmake_target_skip_unavailable=False, cmake_clean_cache=False, cmake_clean_first=False, cmake_force_configure=False, ament_cmake_args=None, catkin_cmake_args=None, catkin_skip_building_tests=False, verb_parser=<colcon_defaults.argument_parser.defaults.DefaultArgumentsDecorator object at 0x7fb82aecdd80>, verb_extension=<colcon_core.verb.build.BuildVerb object at 0x7fb82aef9f90>, main=<bound method BuildVerb.main of <colcon_core.verb.build.BuildVerb object at 0x7fb82aef9f90>>)
[8.577s] Level 1:colcon.colcon_core.package_discovery:discover_packages(colcon_meta) check parameters
[8.579s] Level 1:colcon.colcon_core.package_discovery:discover_packages(recursive) check parameters
[8.580s] Level 1:colcon.colcon_core.package_discovery:discover_packages(ignore) check parameters
[8.581s] Level 1:colcon.colcon_core.package_discovery:discover_packages(path) check parameters
[8.582s] Level 1:colcon.colcon_core.package_discovery:discover_packages(colcon_meta) discover
[8.583s] Level 1:colcon.colcon_core.package_discovery:discover_packages(recursive) discover
[8.584s] INFO:colcon.colcon_core.package_discovery:Crawling recursively for packages in '/home/keenan/Documents/ME597_students/ros2_ws'
[8.585s] Level 1:colcon.colcon_core.package_identification:_identify(.) by extensions ['ignore', 'ignore_ament_install']
[8.587s] Level 1:colcon.colcon_core.package_identification:_identify(.) by extension 'ignore'
[8.587s] Level 1:colcon.colcon_core.package_identification:_identify(.) by extension 'ignore_ament_install'
[8.589s] Level 1:colcon.colcon_core.package_identification:_identify(.) by extensions ['colcon_pkg']
[8.590s] Level 1:colcon.colcon_core.package_identification:_identify(.) by extension 'colcon_pkg'
[8.591s] Level 1:colcon.colcon_core.package_identification:_identify(.) by extensions ['colcon_meta']
[8.596s] Level 1:colcon.colcon_core.package_identification:_identify(.) by extension 'colcon_meta'
[8.597s] Level 1:colcon.colcon_core.package_identification:_identify(.) by extensions ['ros']
[8.598s] Level 1:colcon.colcon_core.package_identification:_identify(.) by extension 'ros'
[8.696s] Level 1:colcon.colcon_core.package_identification:_identify(.) by extensions ['cmake', 'python']
[8.696s] Level 1:colcon.colcon_core.package_identification:_identify(.) by extension 'cmake'
[8.697s] Level 1:colcon.colcon_core.package_identification:_identify(.) by extension 'python'
[8.697s] Level 1:colcon.colcon_core.package_identification:_identify(.) by extensions ['python_setup_py']
[8.698s] Level 1:colcon.colcon_core.package_identification:_identify(.) by extension 'python_setup_py'
[8.699s] Level 1:colcon.colcon_core.package_identification:_identify(build) by extensions ['ignore', 'ignore_ament_install']
[8.699s] Level 1:colcon.colcon_core.package_identification:_identify(build) by extension 'ignore'
[8.701s] Level 1:colcon.colcon_core.package_identification:_identify(build) ignored
[8.703s] Level 1:colcon.colcon_core.package_identification:_identify(install) by extensions ['ignore', 'ignore_ament_install']
[8.704s] Level 1:colcon.colcon_core.package_identification:_identify(install) by extension 'ignore'
[8.705s] Level 1:colcon.colcon_core.package_identification:_identify(install) ignored
[8.707s] Level 1:colcon.colcon_core.package_identification:_identify(log) by extensions ['ignore', 'ignore_ament_install']
[8.709s] Level 1:colcon.colcon_core.package_identification:_identify(log) by extension 'ignore'
[8.710s] Level 1:colcon.colcon_core.package_identification:_identify(log) ignored
[8.711s] Level 1:colcon.colcon_core.package_identification:_identify(src) by extensions ['ignore', 'ignore_ament_install']
[8.711s] Level 1:colcon.colcon_core.package_identification:_identify(src) by extension 'ignore'
[8.714s] Level 1:colcon.colcon_core.package_identification:_identify(src) by extension 'ignore_ament_install'
[8.715s] Level 1:colcon.colcon_core.package_identification:_identify(src) by extensions ['colcon_pkg']
[8.715s] Level 1:colcon.colcon_core.package_identification:_identify(src) by extension 'colcon_pkg'
[8.716s] Level 1:colcon.colcon_core.package_identification:_identify(src) by extensions ['colcon_meta']
[8.716s] Level 1:colcon.colcon_core.package_identification:_identify(src) by extension 'colcon_meta'
[8.719s] Level 1:colcon.colcon_core.package_identification:_identify(src) by extensions ['ros']
[8.720s] Level 1:colcon.colcon_core.package_identification:_identify(src) by extension 'ros'
[8.722s] Level 1:colcon.colcon_core.package_identification:_identify(src) by extensions ['cmake', 'python']
[8.738s] Level 1:colcon.colcon_core.package_identification:_identify(src) by extension 'cmake'
[8.740s] Level 1:colcon.colcon_core.package_identification:_identify(src) by extension 'python'
[8.743s] Level 1:colcon.colcon_core.package_identification:_identify(src) by extensions ['python_setup_py']
[8.743s] Level 1:colcon.colcon_core.package_identification:_identify(src) by extension 'python_setup_py'
[8.746s] Level 1:colcon.colcon_core.package_identification:_identify(src/launch) by extensions ['ignore', 'ignore_ament_install']
[8.747s] Level 1:colcon.colcon_core.package_identification:_identify(src/launch) by extension 'ignore'
[8.748s] Level 1:colcon.colcon_core.package_identification:_identify(src/launch) by extension 'ignore_ament_install'
[8.752s] Level 1:colcon.colcon_core.package_identification:_identify(src/launch) by extensions ['colcon_pkg']
[8.754s] Level 1:colcon.colcon_core.package_identification:_identify(src/launch) by extension 'colcon_pkg'
[8.756s] Level 1:colcon.colcon_core.package_identification:_identify(src/launch) by extensions ['colcon_meta']
[8.757s] Level 1:colcon.colcon_core.package_identification:_identify(src/launch) by extension 'colcon_meta'
[8.759s] Level 1:colcon.colcon_core.package_identification:_identify(src/launch) by extensions ['ros']
[8.762s] Level 1:colcon.colcon_core.package_identification:_identify(src/launch) by extension 'ros'
[8.763s] Level 1:colcon.colcon_core.package_identification:_identify(src/launch) by extensions ['cmake', 'python']
[8.764s] Level 1:colcon.colcon_core.package_identification:_identify(src/launch) by extension 'cmake'
[8.766s] Level 1:colcon.colcon_core.package_identification:_identify(src/launch) by extension 'python'
[8.768s] Level 1:colcon.colcon_core.package_identification:_identify(src/launch) by extensions ['python_setup_py']
[8.774s] Level 1:colcon.colcon_core.package_identification:_identify(src/launch) by extension 'python_setup_py'
[8.777s] Level 1:colcon.colcon_core.package_identification:_identify(src/launch/__pycache__) by extensions ['ignore', 'ignore_ament_install']
[8.779s] Level 1:colcon.colcon_core.package_identification:_identify(src/launch/__pycache__) by extension 'ignore'
[8.783s] Level 1:colcon.colcon_core.package_identification:_identify(src/launch/__pycache__) by extension 'ignore_ament_install'
[8.785s] Level 1:colcon.colcon_core.package_identification:_identify(src/launch/__pycache__) by extensions ['colcon_pkg']
[8.787s] Level 1:colcon.colcon_core.package_identification:_identify(src/launch/__pycache__) by extension 'colcon_pkg'
[8.788s] Level 1:colcon.colcon_core.package_identification:_identify(src/launch/__pycache__) by extensions ['colcon_meta']
[8.789s] Level 1:colcon.colcon_core.package_identification:_identify(src/launch/__pycache__) by extension 'colcon_meta'
[8.790s] Level 1:colcon.colcon_core.package_identification:_identify(src/launch/__pycache__) by extensions ['ros']
[8.791s] Level 1:colcon.colcon_core.package_identification:_identify(src/launch/__pycache__) by extension 'ros'
[8.792s] Level 1:colcon.colcon_core.package_identification:_identify(src/launch/__pycache__) by extensions ['cmake', 'python']
[8.794s] Level 1:colcon.colcon_core.package_identification:_identify(src/launch/__pycache__) by extension 'cmake'
[8.795s] Level 1:colcon.colcon_core.package_identification:_identify(src/launch/__pycache__) by extension 'python'
[8.796s] Level 1:colcon.colcon_core.package_identification:_identify(src/launch/__pycache__) by extensions ['python_setup_py']
[8.797s] Level 1:colcon.colcon_core.package_identification:_identify(src/launch/__pycache__) by extension 'python_setup_py'
[8.799s] Level 1:colcon.colcon_core.package_identification:_identify(src/movement) by extensions ['ignore', 'ignore_ament_install']
[8.801s] Level 1:colcon.colcon_core.package_identification:_identify(src/movement) by extension 'ignore'
[8.802s] Level 1:colcon.colcon_core.package_identification:_identify(src/movement) by extension 'ignore_ament_install'
[8.803s] Level 1:colcon.colcon_core.package_identification:_identify(src/movement) by extensions ['colcon_pkg']
[8.804s] Level 1:colcon.colcon_core.package_identification:_identify(src/movement) by extension 'colcon_pkg'
[8.805s] Level 1:colcon.colcon_core.package_identification:_identify(src/movement) by extensions ['colcon_meta']
[8.805s] Level 1:colcon.colcon_core.package_identification:_identify(src/movement) by extension 'colcon_meta'
[8.806s] Level 1:colcon.colcon_core.package_identification:_identify(src/movement) by extensions ['ros']
[8.806s] Level 1:colcon.colcon_core.package_identification:_identify(src/movement) by extension 'ros'
[8.819s] DEBUG:colcon.colcon_core.package_identification:Package 'src/movement' with type 'ros.ament_python' and name 'movement'
[8.820s] Level 1:colcon.colcon_core.package_discovery:discover_packages(recursive) using defaults
[8.820s] Level 1:colcon.colcon_core.package_discovery:discover_packages(ignore) discover
[8.820s] Level 1:colcon.colcon_core.package_discovery:discover_packages(ignore) using defaults
[8.821s] Level 1:colcon.colcon_core.package_discovery:discover_packages(path) discover
[8.821s] Level 1:colcon.colcon_core.package_discovery:discover_packages(path) using defaults
[9.951s] Level 1:colcon.colcon_core.package_discovery:discover_packages(prefix_path) check parameters
[9.951s] Level 1:colcon.colcon_core.package_discovery:discover_packages(prefix_path) discover
[10.341s] DEBUG:colcon.colcon_installed_package_information.package_discovery:Found 1 installed packages in /home/keenan/Documents/ME597_students/ros2_ws/install
[10.532s] DEBUG:colcon.colcon_installed_package_information.package_discovery:Found 392 installed packages in /opt/ros/humble
[10.547s] Level 1:colcon.colcon_core.package_discovery:discover_packages(prefix_path) using defaults
[11.346s] Level 5:colcon.colcon_core.verb:set package 'movement' build argument 'cmake_args' from command line to 'None'
[11.347s] Level 5:colcon.colcon_core.verb:set package 'movement' build argument 'cmake_target' from command line to 'None'
[11.347s] Level 5:colcon.colcon_core.verb:set package 'movement' build argument 'cmake_target_skip_unavailable' from command line to 'False'
[11.348s] Level 5:colcon.colcon_core.verb:set package 'movement' build argument 'cmake_clean_cache' from command line to 'False'
[11.348s] Level 5:colcon.colcon_core.verb:set package 'movement' build argument 'cmake_clean_first' from command line to 'False'
[11.349s] Level 5:colcon.colcon_core.verb:set package 'movement' build argument 'cmake_force_configure' from command line to 'False'
[11.349s] Level 5:colcon.colcon_core.verb:set package 'movement' build argument 'ament_cmake_args' from command line to 'None'
[11.349s] Level 5:colcon.colcon_core.verb:set package 'movement' build argument 'catkin_cmake_args' from command line to 'None'
[11.350s] Level 5:colcon.colcon_core.verb:set package 'movement' build argument 'catkin_skip_building_tests' from command line to 'False'
[11.350s] DEBUG:colcon.colcon_core.verb:Building package 'movement' with the following arguments: {'ament_cmake_args': None, 'build_base': '/home/keenan/Documents/ME597_students/ros2_ws/build/movement', 'catkin_cmake_args': None, 'catkin_skip_building_tests': False, 'cmake_args': None, 'cmake_clean_cache': False, 'cmake_clean_first': False, 'cmake_force_configure': False, 'cmake_target': None, 'cmake_target_skip_unavailable': False, 'install_base': '/home/keenan/Documents/ME597_students/ros2_ws/install/movement', 'merge_install': False, 'path': '/home/keenan/Documents/ME597_students/ros2_ws/src/movement', 'symlink_install': False, 'test_result_base': None}
[11.511s] INFO:colcon.colcon_core.executor:Executing jobs using 'parallel' executor
[11.630s] DEBUG:colcon.colcon_parallel_executor.executor.parallel:run_until_complete
[11.630s] INFO:colcon.colcon_ros.task.ament_python.build:Building ROS package in '/home/keenan/Documents/ME597_students/ros2_ws/src/movement' with build type 'ament_python'
[11.631s] Level 1:colcon.colcon_core.shell:create_environment_hook('movement', 'ament_prefix_path')
[11.854s] INFO:colcon.colcon_core.plugin_system:Skipping extension 'colcon_core.shell.bat': Not used on non-Windows systems
[11.856s] INFO:colcon.colcon_core.shell:Creating environment hook '/home/keenan/Documents/ME597_students/ros2_ws/install/movement/share/movement/hook/ament_prefix_path.ps1'
[11.859s] INFO:colcon.colcon_core.shell:Creating environment descriptor '/home/keenan/Documents/ME597_students/ros2_ws/install/movement/share/movement/hook/ament_prefix_path.dsv'
[11.860s] INFO:colcon.colcon_core.shell:Creating environment hook '/home/keenan/Documents/ME597_students/ros2_ws/install/movement/share/movement/hook/ament_prefix_path.sh'
[12.060s] INFO:colcon.colcon_core.shell:Skip shell extension 'powershell' for command environment: Not usable outside of PowerShell
[12.061s] DEBUG:colcon.colcon_core.shell:Skip shell extension 'dsv' for command environment
[15.230s] INFO:colcon.colcon_core.task.python.build:Building Python package in '/home/keenan/Documents/ME597_students/ros2_ws/src/movement'
[15.404s] INFO:colcon.colcon_core.shell:Skip shell extension 'powershell' for command environment: Not usable outside of PowerShell
[15.405s] DEBUG:colcon.colcon_core.shell:Skip shell extension 'dsv' for command environment
[19.156s] DEBUG:colcon.colcon_core.event_handler.log_command:Invoking command in '/home/keenan/Documents/ME597_students/ros2_ws/src/movement': PYTHONPATH=/home/keenan/Documents/ME597_students/ros2_ws/build/movement/prefix_override:/home/keenan/Documents/ME597_students/ros2_ws/install/movement/lib/python3.10/site-packages:${PYTHONPATH} /usr/bin/python3 setup.py egg_info --egg-base ../../build/movement build --build-base /home/keenan/Documents/ME597_students/ros2_ws/build/movement/build install --record /home/keenan/Documents/ME597_students/ros2_ws/build/movement/install.log --single-version-externally-managed
[21.429s] DEBUG:colcon.colcon_core.event_handler.log_command:Invoked command in '/home/keenan/Documents/ME597_students/ros2_ws/src/movement' returned '0': PYTHONPATH=/home/keenan/Documents/ME597_students/ros2_ws/build/movement/prefix_override:/home/keenan/Documents/ME597_students/ros2_ws/install/movement/lib/python3.10/site-packages:${PYTHONPATH} /usr/bin/python3 setup.py egg_info --egg-base ../../build/movement build --build-base /home/keenan/Documents/ME597_students/ros2_ws/build/movement/build install --record /home/keenan/Documents/ME597_students/ros2_ws/build/movement/install.log --single-version-externally-managed
[21.612s] Level 1:colcon.colcon_core.environment:checking '/home/keenan/Documents/ME597_students/ros2_ws/install/movement' for CMake module files
[21.621s] Level 1:colcon.colcon_core.environment:checking '/home/keenan/Documents/ME597_students/ros2_ws/install/movement' for CMake config files
[21.630s] Level 1:colcon.colcon_core.environment:checking '/home/keenan/Documents/ME597_students/ros2_ws/install/movement/lib'
[21.631s] Level 1:colcon.colcon_core.environment:checking '/home/keenan/Documents/ME597_students/ros2_ws/install/movement/bin'
[21.632s] Level 1:colcon.colcon_core.environment:checking '/home/keenan/Documents/ME597_students/ros2_ws/install/movement/lib/pkgconfig/movement.pc'
[21.633s] Level 1:colcon.colcon_core.environment:checking '/home/keenan/Documents/ME597_students/ros2_ws/install/movement/lib/python3.10/site-packages'
[21.634s] Level 1:colcon.colcon_core.shell:create_environment_hook('movement', 'pythonpath')
[21.786s] INFO:colcon.colcon_core.shell:Creating environment hook '/home/keenan/Documents/ME597_students/ros2_ws/install/movement/share/movement/hook/pythonpath.ps1'
[21.788s] INFO:colcon.colcon_core.shell:Creating environment descriptor '/home/keenan/Documents/ME597_students/ros2_ws/install/movement/share/movement/hook/pythonpath.dsv'
[21.790s] INFO:colcon.colcon_core.shell:Creating environment hook '/home/keenan/Documents/ME597_students/ros2_ws/install/movement/share/movement/hook/pythonpath.sh'
[21.794s] Level 1:colcon.colcon_core.environment:checking '/home/keenan/Documents/ME597_students/ros2_ws/install/movement/bin'
[21.795s] Level 1:colcon.colcon_core.environment:create_environment_scripts_only(movement)
[21.953s] INFO:colcon.colcon_core.shell:Creating package script '/home/keenan/Documents/ME597_students/ros2_ws/install/movement/share/movement/package.ps1'
[21.957s] INFO:colcon.colcon_core.shell:Creating package descriptor '/home/keenan/Documents/ME597_students/ros2_ws/install/movement/share/movement/package.dsv'
[21.961s] INFO:colcon.colcon_core.shell:Creating package script '/home/keenan/Documents/ME597_students/ros2_ws/install/movement/share/movement/package.sh'
[21.967s] INFO:colcon.colcon_core.shell:Creating package script '/home/keenan/Documents/ME597_students/ros2_ws/install/movement/share/movement/package.bash'
[21.972s] INFO:colcon.colcon_core.shell:Creating package script '/home/keenan/Documents/ME597_students/ros2_ws/install/movement/share/movement/package.zsh'
[21.976s] Level 1:colcon.colcon_core.environment:create_file_with_runtime_dependencies(/home/keenan/Documents/ME597_students/ros2_ws/install/movement/share/colcon-core/packages/movement)
[21.979s] DEBUG:colcon.colcon_parallel_executor.executor.parallel:closing loop
[21.980s] DEBUG:colcon.colcon_parallel_executor.executor.parallel:loop closed
[21.982s] DEBUG:colcon.colcon_parallel_executor.executor.parallel:run_until_complete finished with '0'
[21.983s] DEBUG:colcon.colcon_core.event_reactor:joining thread
[22.165s] INFO:colcon.colcon_core.plugin_system:Skipping extension 'colcon_notification.desktop_notification.terminal_notifier': Not used on non-Darwin systems
[22.166s] INFO:colcon.colcon_core.plugin_system:Skipping extension 'colcon_notification.desktop_notification.win32': Not used on non-Windows systems
[22.166s] INFO:colcon.colcon_notification.desktop_notification:Sending desktop notification using 'notify2'
[22.212s] DEBUG:colcon.colcon_core.event_reactor:joined thread
[22.383s] INFO:colcon.colcon_core.shell:Creating prefix script '/home/keenan/Documents/ME597_students/ros2_ws/install/local_setup.ps1'
[22.387s] INFO:colcon.colcon_core.shell:Creating prefix util module '/home/keenan/Documents/ME597_students/ros2_ws/install/_local_setup_util_ps1.py'
[22.396s] INFO:colcon.colcon_core.shell:Creating prefix chain script '/home/keenan/Documents/ME597_students/ros2_ws/install/setup.ps1'
[22.533s] INFO:colcon.colcon_core.shell:Creating prefix script '/home/keenan/Documents/ME597_students/ros2_ws/install/local_setup.sh'
[22.537s] INFO:colcon.colcon_core.shell:Creating prefix util module '/home/keenan/Documents/ME597_students/ros2_ws/install/_local_setup_util_sh.py'
[22.540s] INFO:colcon.colcon_core.shell:Creating prefix chain script '/home/keenan/Documents/ME597_students/ros2_ws/install/setup.sh'
[22.658s] INFO:colcon.colcon_core.shell:Creating prefix script '/home/keenan/Documents/ME597_students/ros2_ws/install/local_setup.bash'
[22.660s] INFO:colcon.colcon_core.shell:Creating prefix chain script '/home/keenan/Documents/ME597_students/ros2_ws/install/setup.bash'
[22.796s] INFO:colcon.colcon_core.shell:Creating prefix script '/home/keenan/Documents/ME597_students/ros2_ws/install/local_setup.zsh'
[22.798s] INFO:colcon.colcon_core.shell:Creating prefix chain script '/home/keenan/Documents/ME597_students/ros2_ws/install/setup.zsh'
