[2.980s] Invoking command in '/home/keenan/Documents/ME597_students/ros2_ws/src/movement': PYTHONPATH=/home/keenan/Documents/ME597_students/ros2_ws/build/movement/prefix_override:/home/keenan/Documents/ME597_students/ros2_ws/install/movement/lib/python3.10/site-packages:${PYTHONPATH} /usr/bin/python3 setup.py egg_info --egg-base ../../build/movement build --build-base /home/keenan/Documents/ME597_students/ros2_ws/build/movement/build install --record /home/keenan/Documents/ME597_students/ros2_ws/build/movement/install.log --single-version-externally-managed
[3.729s] running egg_info
[3.730s] writing ../../build/movement/movement.egg-info/PKG-INFO
[3.731s] writing dependency_links to ../../build/movement/movement.egg-info/dependency_links.txt
[3.732s] writing entry points to ../../build/movement/movement.egg-info/entry_points.txt
[3.733s] writing requirements to ../../build/movement/movement.egg-info/requires.txt
[3.734s] writing top-level names to ../../build/movement/movement.egg-info/top_level.txt
[3.745s] reading manifest file '../../build/movement/movement.egg-info/SOURCES.txt'
[3.749s] writing manifest file '../../build/movement/movement.egg-info/SOURCES.txt'
[3.749s] running build
[3.749s] running build_py
[3.750s] running install
[3.752s] running install_lib
[3.757s] running install_data
[3.759s] running install_egg_info
[3.761s] removing '/home/keenan/Documents/ME597_students/ros2_ws/install/movement/lib/python3.10/site-packages/movement-0.0.0-py3.10.egg-info' (and everything under it)
[3.763s] Copying ../../build/movement/movement.egg-info to /home/keenan/Documents/ME597_students/ros2_ws/install/movement/lib/python3.10/site-packages/movement-0.0.0-py3.10.egg-info
[3.770s] running install_scripts
[3.832s] Installing motions_exe script to /home/keenan/Documents/ME597_students/ros2_ws/install/movement/lib/movement
[3.835s] writing list of installed files to '/home/keenan/Documents/ME597_students/ros2_ws/build/movement/install.log'
[3.905s] Invoked command in '/home/keenan/Documents/ME597_students/ros2_ws/src/movement' returned '0': PYTHONPATH=/home/keenan/Documents/ME597_students/ros2_ws/build/movement/prefix_override:/home/keenan/Documents/ME597_students/ros2_ws/install/movement/lib/python3.10/site-packages:${PYTHONPATH} /usr/bin/python3 setup.py egg_info --egg-base ../../build/movement build --build-base /home/keenan/Documents/ME597_students/ros2_ws/build/movement/build install --record /home/keenan/Documents/ME597_students/ros2_ws/build/movement/install.log --single-version-externally-managed
