[1.877s] Invoking command in '/home/keenan/Documents/ME597_students/ros2_ws/src/movement': PYTHONPATH=/home/keenan/Documents/ME597_students/ros2_ws/build/movement/prefix_override:/home/keenan/Documents/ME597_students/ros2_ws/install/movement/lib/python3.10/site-packages:${PYTHONPATH} /usr/bin/python3 setup.py egg_info --egg-base ../../build/movement build --build-base /home/keenan/Documents/ME597_students/ros2_ws/build/movement/build install --record /home/keenan/Documents/ME597_students/ros2_ws/build/movement/install.log --single-version-externally-managed
[2.374s] running egg_info
[2.375s] writing ../../build/movement/movement.egg-info/PKG-INFO
[2.376s] writing dependency_links to ../../build/movement/movement.egg-info/dependency_links.txt
[2.377s] writing entry points to ../../build/movement/movement.egg-info/entry_points.txt
[2.377s] writing requirements to ../../build/movement/movement.egg-info/requires.txt
[2.377s] writing top-level names to ../../build/movement/movement.egg-info/top_level.txt
[2.382s] reading manifest file '../../build/movement/movement.egg-info/SOURCES.txt'
[2.383s] writing manifest file '../../build/movement/movement.egg-info/SOURCES.txt'
[2.384s] running build
[2.384s] running build_py
[2.384s] copying movement/motions.py -> /home/keenan/Documents/ME597_students/ros2_ws/build/movement/build/lib/movement
[2.385s] running install
[2.386s] running install_lib
[2.387s] copying /home/keenan/Documents/ME597_students/ros2_ws/build/movement/build/lib/movement/motions.py -> /home/keenan/Documents/ME597_students/ros2_ws/install/movement/lib/python3.10/site-packages/movement
[2.388s] byte-compiling /home/keenan/Documents/ME597_students/ros2_ws/install/movement/lib/python3.10/site-packages/movement/motions.py to motions.cpython-310.pyc
[2.389s] running install_data
[2.390s] running install_egg_info
[2.393s] removing '/home/keenan/Documents/ME597_students/ros2_ws/install/movement/lib/python3.10/site-packages/movement-0.0.0-py3.10.egg-info' (and everything under it)
[2.394s] Copying ../../build/movement/movement.egg-info to /home/keenan/Documents/ME597_students/ros2_ws/install/movement/lib/python3.10/site-packages/movement-0.0.0-py3.10.egg-info
[2.396s] running install_scripts
[2.432s] Installing motions_exe script to /home/keenan/Documents/ME597_students/ros2_ws/install/movement/lib/movement
[2.432s] writing list of installed files to '/home/keenan/Documents/ME597_students/ros2_ws/build/movement/install.log'
[2.484s] Invoked command in '/home/keenan/Documents/ME597_students/ros2_ws/src/movement' returned '0': PYTHONPATH=/home/keenan/Documents/ME597_students/ros2_ws/build/movement/prefix_override:/home/keenan/Documents/ME597_students/ros2_ws/install/movement/lib/python3.10/site-packages:${PYTHONPATH} /usr/bin/python3 setup.py egg_info --egg-base ../../build/movement build --build-base /home/keenan/Documents/ME597_students/ros2_ws/build/movement/build install --record /home/keenan/Documents/ME597_students/ros2_ws/build/movement/install.log --single-version-externally-managed
