[4.438s] Invoking command in '/home/keenan/Documents/ME597_students/ros2_ws/src/movement': PYTHONPATH=/home/keenan/Documents/ME597_students/ros2_ws/build/movement/prefix_override:/home/keenan/Documents/ME597_students/ros2_ws/install/movement/lib/python3.10/site-packages:${PYTHONPATH} /usr/bin/python3 setup.py egg_info --egg-base ../../build/movement build --build-base /home/keenan/Documents/ME597_students/ros2_ws/build/movement/build install --record /home/keenan/Documents/ME597_students/ros2_ws/build/movement/install.log --single-version-externally-managed
[5.630s] running egg_info
[5.633s] writing ../../build/movement/movement.egg-info/PKG-INFO
[5.633s] writing dependency_links to ../../build/movement/movement.egg-info/dependency_links.txt
[5.633s] writing entry points to ../../build/movement/movement.egg-info/entry_points.txt
[5.634s] writing requirements to ../../build/movement/movement.egg-info/requires.txt
[5.634s] writing top-level names to ../../build/movement/movement.egg-info/top_level.txt
[5.646s] reading manifest file '../../build/movement/movement.egg-info/SOURCES.txt'
[5.650s] writing manifest file '../../build/movement/movement.egg-info/SOURCES.txt'
[5.651s] running build
[5.652s] running build_py
[5.653s] copying movement/motions.py -> /home/keenan/Documents/ME597_students/ros2_ws/build/movement/build/lib/movement
[5.659s] running install
[5.660s] running install_lib
[5.663s] copying /home/keenan/Documents/ME597_students/ros2_ws/build/movement/build/lib/movement/motions.py -> /home/keenan/Documents/ME597_students/ros2_ws/install/movement/lib/python3.10/site-packages/movement
[5.666s] byte-compiling /home/keenan/Documents/ME597_students/ros2_ws/install/movement/lib/python3.10/site-packages/movement/motions.py to motions.cpython-310.pyc
[5.675s] running install_data
[5.676s] running install_egg_info
[5.693s] removing '/home/keenan/Documents/ME597_students/ros2_ws/install/movement/lib/python3.10/site-packages/movement-0.0.0-py3.10.egg-info' (and everything under it)
[5.693s] Copying ../../build/movement/movement.egg-info to /home/keenan/Documents/ME597_students/ros2_ws/install/movement/lib/python3.10/site-packages/movement-0.0.0-py3.10.egg-info
[5.693s] running install_scripts
[5.808s] Installing motions_exe script to /home/keenan/Documents/ME597_students/ros2_ws/install/movement/lib/movement
[5.811s] writing list of installed files to '/home/keenan/Documents/ME597_students/ros2_ws/build/movement/install.log'
[5.954s] Invoked command in '/home/keenan/Documents/ME597_students/ros2_ws/src/movement' returned '0': PYTHONPATH=/home/keenan/Documents/ME597_students/ros2_ws/build/movement/prefix_override:/home/keenan/Documents/ME597_students/ros2_ws/install/movement/lib/python3.10/site-packages:${PYTHONPATH} /usr/bin/python3 setup.py egg_info --egg-base ../../build/movement build --build-base /home/keenan/Documents/ME597_students/ros2_ws/build/movement/build install --record /home/keenan/Documents/ME597_students/ros2_ws/build/movement/install.log --single-version-externally-managed
