[2.068s] Invoking command in '/home/keenan/Documents/ME597_students/ros2_ws/src/localization': PYTHONPATH=/home/keenan/Documents/ME597_students/ros2_ws/build/localization/prefix_override:/home/keenan/Documents/ME597_students/ros2_ws/install/localization/lib/python3.10/site-packages:${PYTHONPATH} /usr/bin/python3 setup.py egg_info --egg-base ../../build/localization build --build-base /home/keenan/Documents/ME597_students/ros2_ws/build/localization/build install --record /home/keenan/Documents/ME597_students/ros2_ws/build/localization/install.log --single-version-externally-managed
[2.522s] running egg_info
[2.522s] creating ../../build/localization/localization.egg-info
[2.522s] writing ../../build/localization/localization.egg-info/PKG-INFO
[2.523s] writing dependency_links to ../../build/localization/localization.egg-info/dependency_links.txt
[2.523s] writing entry points to ../../build/localization/localization.egg-info/entry_points.txt
[2.523s] writing requirements to ../../build/localization/localization.egg-info/requires.txt
[2.523s] writing top-level names to ../../build/localization/localization.egg-info/top_level.txt
[2.524s] writing manifest file '../../build/localization/localization.egg-info/SOURCES.txt'
[2.526s] reading manifest file '../../build/localization/localization.egg-info/SOURCES.txt'
[2.527s] writing manifest file '../../build/localization/localization.egg-info/SOURCES.txt'
[2.527s] running build
[2.527s] running build_py
[2.527s] creating /home/keenan/Documents/ME597_students/ros2_ws/build/localization/build
[2.527s] creating /home/keenan/Documents/ME597_students/ros2_ws/build/localization/build/lib
[2.528s] creating /home/keenan/Documents/ME597_students/ros2_ws/build/localization/build/lib/localization
[2.528s] copying localization/__init__.py -> /home/keenan/Documents/ME597_students/ros2_ws/build/localization/build/lib/localization
[2.528s] running install
[2.528s] running install_lib
[2.529s] creating /home/keenan/Documents/ME597_students/ros2_ws/install/localization/lib/python3.10/site-packages/localization
[2.529s] copying /home/keenan/Documents/ME597_students/ros2_ws/build/localization/build/lib/localization/__init__.py -> /home/keenan/Documents/ME597_students/ros2_ws/install/localization/lib/python3.10/site-packages/localization
[2.529s] byte-compiling /home/keenan/Documents/ME597_students/ros2_ws/install/localization/lib/python3.10/site-packages/localization/__init__.py to __init__.cpython-310.pyc
[2.530s] running install_data
[2.531s] creating /home/keenan/Documents/ME597_students/ros2_ws/install/localization/share/ament_index
[2.531s] creating /home/keenan/Documents/ME597_students/ros2_ws/install/localization/share/ament_index/resource_index
[2.531s] creating /home/keenan/Documents/ME597_students/ros2_ws/install/localization/share/ament_index/resource_index/packages
[2.531s] copying resource/localization -> /home/keenan/Documents/ME597_students/ros2_ws/install/localization/share/ament_index/resource_index/packages
[2.531s] copying package.xml -> /home/keenan/Documents/ME597_students/ros2_ws/install/localization/share/localization
[2.531s] running install_egg_info
[2.534s] Copying ../../build/localization/localization.egg-info to /home/keenan/Documents/ME597_students/ros2_ws/install/localization/lib/python3.10/site-packages/localization-0.0.0-py3.10.egg-info
[2.535s] running install_scripts
[2.555s] writing list of installed files to '/home/keenan/Documents/ME597_students/ros2_ws/build/localization/install.log'
[2.579s] Invoked command in '/home/keenan/Documents/ME597_students/ros2_ws/src/localization' returned '0': PYTHONPATH=/home/keenan/Documents/ME597_students/ros2_ws/build/localization/prefix_override:/home/keenan/Documents/ME597_students/ros2_ws/install/localization/lib/python3.10/site-packages:${PYTHONPATH} /usr/bin/python3 setup.py egg_info --egg-base ../../build/localization build --build-base /home/keenan/Documents/ME597_students/ros2_ws/build/localization/build install --record /home/keenan/Documents/ME597_students/ros2_ws/build/localization/install.log --single-version-externally-managed
