[8.546s] Invoking command in '/home/keenan/Documents/ME597_students/ros2_ws/src/movement': PYTHONPATH=/home/keenan/Documents/ME597_students/ros2_ws/build/movement/prefix_override:/home/keenan/Documents/ME597_students/ros2_ws/install/movement/lib/python3.10/site-packages:${PYTHONPATH} /usr/bin/python3 setup.py egg_info --egg-base ../../build/movement build --build-base /home/keenan/Documents/ME597_students/ros2_ws/build/movement/build install --record /home/keenan/Documents/ME597_students/ros2_ws/build/movement/install.log --single-version-externally-managed
[10.898s] running egg_info
[10.904s] writing ../../build/movement/movement.egg-info/PKG-INFO
[10.905s] writing dependency_links to ../../build/movement/movement.egg-info/dependency_links.txt
[10.906s] writing entry points to ../../build/movement/movement.egg-info/entry_points.txt
[10.909s] writing requirements to ../../build/movement/movement.egg-info/requires.txt
[10.911s] writing top-level names to ../../build/movement/movement.egg-info/top_level.txt
[10.937s] reading manifest file '../../build/movement/movement.egg-info/SOURCES.txt'
[10.943s] writing manifest file '../../build/movement/movement.egg-info/SOURCES.txt'
[10.951s] running build
[10.952s] running build_py
[10.953s] copying movement/motions.py -> /home/keenan/Documents/ME597_students/ros2_ws/build/movement/build/lib/movement
[10.963s] running install
[10.967s] running install_lib
[10.972s] copying /home/keenan/Documents/ME597_students/ros2_ws/build/movement/build/lib/movement/motions.py -> /home/keenan/Documents/ME597_students/ros2_ws/install/movement/lib/python3.10/site-packages/movement
[10.972s] byte-compiling /home/keenan/Documents/ME597_students/ros2_ws/install/movement/lib/python3.10/site-packages/movement/motions.py to motions.cpython-310.pyc
[10.980s] running install_data
[10.984s] running install_egg_info
[10.994s] removing '/home/keenan/Documents/ME597_students/ros2_ws/install/movement/lib/python3.10/site-packages/movement-0.0.0-py3.10.egg-info' (and everything under it)
[10.995s] Copying ../../build/movement/movement.egg-info to /home/keenan/Documents/ME597_students/ros2_ws/install/movement/lib/python3.10/site-packages/movement-0.0.0-py3.10.egg-info
[10.998s] running install_scripts
[11.143s] Installing motions_exe script to /home/keenan/Documents/ME597_students/ros2_ws/install/movement/lib/movement
[11.149s] writing list of installed files to '/home/keenan/Documents/ME597_students/ros2_ws/build/movement/install.log'
[11.297s] Invoked command in '/home/keenan/Documents/ME597_students/ros2_ws/src/movement' returned '0': PYTHONPATH=/home/keenan/Documents/ME597_students/ros2_ws/build/movement/prefix_override:/home/keenan/Documents/ME597_students/ros2_ws/install/movement/lib/python3.10/site-packages:${PYTHONPATH} /usr/bin/python3 setup.py egg_info --egg-base ../../build/movement build --build-base /home/keenan/Documents/ME597_students/ros2_ws/build/movement/build install --record /home/keenan/Documents/ME597_students/ros2_ws/build/movement/install.log --single-version-externally-managed
