[1.520s] Invoking command in '/home/keenan/Documents/ME597_students/ros2_ws/src/localization': PYTHONPATH=/home/keenan/Documents/ME597_students/ros2_ws/build/localization/prefix_override:/home/keenan/Documents/ME597_students/ros2_ws/install/localization/lib/python3.10/site-packages:${PYTHONPATH} /usr/bin/python3 setup.py egg_info --egg-base ../../build/localization build --build-base /home/keenan/Documents/ME597_students/ros2_ws/build/localization/build install --record /home/keenan/Documents/ME597_students/ros2_ws/build/localization/install.log --single-version-externally-managed
[1.810s] running egg_info
[1.811s] writing ../../build/localization/localization.egg-info/PKG-INFO
[1.812s] writing dependency_links to ../../build/localization/localization.egg-info/dependency_links.txt
[1.812s] writing entry points to ../../build/localization/localization.egg-info/entry_points.txt
[1.812s] writing requirements to ../../build/localization/localization.egg-info/requires.txt
[1.813s] writing top-level names to ../../build/localization/localization.egg-info/top_level.txt
[1.821s] reading manifest file '../../build/localization/localization.egg-info/SOURCES.txt'
[1.822s] writing manifest file '../../build/localization/localization.egg-info/SOURCES.txt'
[1.822s] running build
[1.822s] running build_py
[1.823s] running install
[1.823s] running install_lib
[1.824s] running install_data
[1.825s] running install_egg_info
[1.828s] removing '/home/keenan/Documents/ME597_students/ros2_ws/install/localization/lib/python3.10/site-packages/localization-0.0.0-py3.10.egg-info' (and everything under it)
[1.828s] Copying ../../build/localization/localization.egg-info to /home/keenan/Documents/ME597_students/ros2_ws/install/localization/lib/python3.10/site-packages/localization-0.0.0-py3.10.egg-info
[1.829s] running install_scripts
[1.851s] writing list of installed files to '/home/keenan/Documents/ME597_students/ros2_ws/build/localization/install.log'
[1.879s] Invoked command in '/home/keenan/Documents/ME597_students/ros2_ws/src/localization' returned '0': PYTHONPATH=/home/keenan/Documents/ME597_students/ros2_ws/build/localization/prefix_override:/home/keenan/Documents/ME597_students/ros2_ws/install/localization/lib/python3.10/site-packages:${PYTHONPATH} /usr/bin/python3 setup.py egg_info --egg-base ../../build/localization build --build-base /home/keenan/Documents/ME597_students/ros2_ws/build/localization/build install --record /home/keenan/Documents/ME597_students/ros2_ws/build/localization/install.log --single-version-externally-managed
