[8.587s] Invoking command in '/home/keenan/Documents/ME597_students/ros2_ws/src/movement': PYTHONPATH=/home/keenan/Documents/ME597_students/ros2_ws/build/movement/prefix_override:/home/keenan/Documents/ME597_students/ros2_ws/install/movement/lib/python3.10/site-packages:${PYTHONPATH} /usr/bin/python3 setup.py egg_info --egg-base ../../build/movement build --build-base /home/keenan/Documents/ME597_students/ros2_ws/build/movement/build install --record /home/keenan/Documents/ME597_students/ros2_ws/build/movement/install.log --single-version-externally-managed
[10.960s] running egg_info
[10.965s] writing ../../build/movement/movement.egg-info/PKG-INFO
[10.966s] writing dependency_links to ../../build/movement/movement.egg-info/dependency_links.txt
[10.967s] writing entry points to ../../build/movement/movement.egg-info/entry_points.txt
[10.970s] writing requirements to ../../build/movement/movement.egg-info/requires.txt
[10.970s] writing top-level names to ../../build/movement/movement.egg-info/top_level.txt
[10.990s] reading manifest file '../../build/movement/movement.egg-info/SOURCES.txt'
[10.996s] writing manifest file '../../build/movement/movement.egg-info/SOURCES.txt'
[10.997s] running build
[10.998s] running build_py
[10.999s] running install
[11.013s] running install_lib
[11.017s] running install_data
[11.021s] running install_egg_info
[11.028s] removing '/home/keenan/Documents/ME597_students/ros2_ws/install/movement/lib/python3.10/site-packages/movement-0.0.0-py3.10.egg-info' (and everything under it)
[11.029s] Copying ../../build/movement/movement.egg-info to /home/keenan/Documents/ME597_students/ros2_ws/install/movement/lib/python3.10/site-packages/movement-0.0.0-py3.10.egg-info
[11.035s] running install_scripts
[11.159s] Installing motions_exe script to /home/keenan/Documents/ME597_students/ros2_ws/install/movement/lib/movement
[11.163s] writing list of installed files to '/home/keenan/Documents/ME597_students/ros2_ws/build/movement/install.log'
[11.331s] Invoked command in '/home/keenan/Documents/ME597_students/ros2_ws/src/movement' returned '0': PYTHONPATH=/home/keenan/Documents/ME597_students/ros2_ws/build/movement/prefix_override:/home/keenan/Documents/ME597_students/ros2_ws/install/movement/lib/python3.10/site-packages:${PYTHONPATH} /usr/bin/python3 setup.py egg_info --egg-base ../../build/movement build --build-base /home/keenan/Documents/ME597_students/ros2_ws/build/movement/build install --record /home/keenan/Documents/ME597_students/ros2_ws/build/movement/install.log --single-version-externally-managed
