[1.021s] Invoking command in '/home/keenan/Documents/ME597_students/ros2_ws/src/movement': PYTHONPATH=/home/keenan/Documents/ME597_students/ros2_ws/build/movement/prefix_override:/home/keenan/Documents/ME597_students/ros2_ws/install/movement/lib/python3.10/site-packages:${PYTHONPATH} /usr/bin/python3 setup.py egg_info --egg-base ../../build/movement build --build-base /home/keenan/Documents/ME597_students/ros2_ws/build/movement/build install --record /home/keenan/Documents/ME597_students/ros2_ws/build/movement/install.log --single-version-externally-managed
[1.311s] running egg_info
[1.311s] creating ../../build/movement/movement.egg-info
[1.312s] writing ../../build/movement/movement.egg-info/PKG-INFO
[1.312s] writing dependency_links to ../../build/movement/movement.egg-info/dependency_links.txt
[1.312s] writing entry points to ../../build/movement/movement.egg-info/entry_points.txt
[1.312s] writing requirements to ../../build/movement/movement.egg-info/requires.txt
[1.312s] writing top-level names to ../../build/movement/movement.egg-info/top_level.txt
[1.315s] writing manifest file '../../build/movement/movement.egg-info/SOURCES.txt'
[1.316s] reading manifest file '../../build/movement/movement.egg-info/SOURCES.txt'
[1.317s] writing manifest file '../../build/movement/movement.egg-info/SOURCES.txt'
[1.317s] running build
[1.317s] running build_py
[1.317s] creating /home/keenan/Documents/ME597_students/ros2_ws/build/movement/build
[1.317s] creating /home/keenan/Documents/ME597_students/ros2_ws/build/movement/build/lib
[1.318s] creating /home/keenan/Documents/ME597_students/ros2_ws/build/movement/build/lib/movement
[1.318s] copying movement/__init__.py -> /home/keenan/Documents/ME597_students/ros2_ws/build/movement/build/lib/movement
[1.318s] copying movement/motions.py -> /home/keenan/Documents/ME597_students/ros2_ws/build/movement/build/lib/movement
[1.318s] copying movement/utilities.py -> /home/keenan/Documents/ME597_students/ros2_ws/build/movement/build/lib/movement
[1.318s] running install
[1.318s] running install_lib
[1.319s] creating /home/keenan/Documents/ME597_students/ros2_ws/install/movement/lib/python3.10/site-packages/movement
[1.319s] copying /home/keenan/Documents/ME597_students/ros2_ws/build/movement/build/lib/movement/__init__.py -> /home/keenan/Documents/ME597_students/ros2_ws/install/movement/lib/python3.10/site-packages/movement
[1.319s] copying /home/keenan/Documents/ME597_students/ros2_ws/build/movement/build/lib/movement/motions.py -> /home/keenan/Documents/ME597_students/ros2_ws/install/movement/lib/python3.10/site-packages/movement
[1.319s] copying /home/keenan/Documents/ME597_students/ros2_ws/build/movement/build/lib/movement/utilities.py -> /home/keenan/Documents/ME597_students/ros2_ws/install/movement/lib/python3.10/site-packages/movement
[1.320s] byte-compiling /home/keenan/Documents/ME597_students/ros2_ws/install/movement/lib/python3.10/site-packages/movement/__init__.py to __init__.cpython-310.pyc
[1.320s] byte-compiling /home/keenan/Documents/ME597_students/ros2_ws/install/movement/lib/python3.10/site-packages/movement/motions.py to motions.cpython-310.pyc
[1.321s] byte-compiling /home/keenan/Documents/ME597_students/ros2_ws/install/movement/lib/python3.10/site-packages/movement/utilities.py to utilities.cpython-310.pyc
[1.321s] running install_data
[1.322s] creating /home/keenan/Documents/ME597_students/ros2_ws/install/movement/share/ament_index
[1.322s] creating /home/keenan/Documents/ME597_students/ros2_ws/install/movement/share/ament_index/resource_index
[1.322s] creating /home/keenan/Documents/ME597_students/ros2_ws/install/movement/share/ament_index/resource_index/packages
[1.323s] copying resource/movement -> /home/keenan/Documents/ME597_students/ros2_ws/install/movement/share/ament_index/resource_index/packages
[1.323s] copying package.xml -> /home/keenan/Documents/ME597_students/ros2_ws/install/movement/share/movement
[1.323s] running install_egg_info
[1.324s] Copying ../../build/movement/movement.egg-info to /home/keenan/Documents/ME597_students/ros2_ws/install/movement/lib/python3.10/site-packages/movement-0.0.0-py3.10.egg-info
[1.325s] running install_scripts
[1.347s] Installing motions_exe script to /home/keenan/Documents/ME597_students/ros2_ws/install/movement/lib/movement
[1.347s] writing list of installed files to '/home/keenan/Documents/ME597_students/ros2_ws/build/movement/install.log'
[1.374s] Invoked command in '/home/keenan/Documents/ME597_students/ros2_ws/src/movement' returned '0': PYTHONPATH=/home/keenan/Documents/ME597_students/ros2_ws/build/movement/prefix_override:/home/keenan/Documents/ME597_students/ros2_ws/install/movement/lib/python3.10/site-packages:${PYTHONPATH} /usr/bin/python3 setup.py egg_info --egg-base ../../build/movement build --build-base /home/keenan/Documents/ME597_students/ros2_ws/build/movement/build install --record /home/keenan/Documents/ME597_students/ros2_ws/build/movement/install.log --single-version-externally-managed
